{"/home/tal/GeminiCLIProjects/ShoppingList/client/src/AppContext.tsx": {"path":"/home/tal/GeminiCLIProjects/ShoppingList/client/src/AppContext.tsx","statementMap":{"0":{"start":{"line":3,"column":13},"end":{"line":11,"column":null}}},"fnMap":{"0":{"name":"(anonymous_0)","decl":{"start":{"line":4,"column":19},"end":{"line":4,"column":25}},"loc":{"start":{"line":4,"column":25},"end":{"line":4,"column":null}},"line":4},"1":{"name":"(anonymous_1)","decl":{"start":{"line":6,"column":18},"end":{"line":6,"column":24}},"loc":{"start":{"line":6,"column":24},"end":{"line":6,"column":null}},"line":6},"2":{"name":"(anonymous_2)","decl":{"start":{"line":8,"column":17},"end":{"line":8,"column":18}},"loc":{"start":{"line":8,"column":42},"end":{"line":8,"column":null}},"line":8},"3":{"name":"(anonymous_3)","decl":{"start":{"line":10,"column":26},"end":{"line":10,"column":27}},"loc":{"start":{"line":10,"column":47},"end":{"line":10,"column":null}},"line":10}},"branchMap":{},"s":{"0":1},"f":{"0":0,"1":0,"2":0,"3":0},"b":{},"meta":{"lastBranch":0,"lastFunction":4,"lastStatement":1,"seen":{"s:3:13:11:Infinity":0,"f:4:19:4:25":0,"f:6:18:6:24":1,"f:8:17:8:18":2,"f:10:26:10:27":3}}}
,"/home/tal/GeminiCLIProjects/ShoppingList/client/src/config.ts": {"path":"/home/tal/GeminiCLIProjects/ShoppingList/client/src/config.ts","statementMap":{"0":{"start":{"line":1,"column":28},"end":{"line":1,"column":null}}},"fnMap":{},"branchMap":{},"s":{"0":1},"f":{},"b":{},"meta":{"lastBranch":0,"lastFunction":0,"lastStatement":1,"seen":{"s:1:28:1:Infinity":0}}}
,"/home/tal/GeminiCLIProjects/ShoppingList/client/src/translations.ts": {"path":"/home/tal/GeminiCLIProjects/ShoppingList/client/src/translations.ts","statementMap":{"0":{"start":{"line":1,"column":28},"end":{"line":81,"column":null}}},"fnMap":{},"branchMap":{},"s":{"0":1},"f":{},"b":{},"meta":{"lastBranch":0,"lastFunction":0,"lastStatement":1,"seen":{"s:1:28:81:Infinity":0}}}
,"/home/tal/GeminiCLIProjects/ShoppingList/client/src/useTranslation.ts": {"path":"/home/tal/GeminiCLIProjects/ShoppingList/client/src/useTranslation.ts","statementMap":{"0":{"start":{"line":7,"column":30},"end":{"line":27,"column":null}},"1":{"start":{"line":8,"column":19},"end":{"line":8,"column":null}},"2":{"start":{"line":10,"column":12},"end":{"line":24,"column":null}},"3":{"start":{"line":11,"column":25},"end":{"line":11,"column":null}},"4":{"start":{"line":12,"column":4},"end":{"line":15,"column":null}},"5":{"start":{"line":13,"column":6},"end":{"line":13,"column":null}},"6":{"start":{"line":14,"column":6},"end":{"line":14,"column":null}},"7":{"start":{"line":17,"column":15},"end":{"line":17,"column":null}},"8":{"start":{"line":18,"column":4},"end":{"line":22,"column":null}},"9":{"start":{"line":19,"column":6},"end":{"line":21,"column":null}},"10":{"start":{"line":20,"column":8},"end":{"line":20,"column":null}},"11":{"start":{"line":23,"column":4},"end":{"line":23,"column":null}},"12":{"start":{"line":26,"column":2},"end":{"line":26,"column":null}}},"fnMap":{"0":{"name":"(anonymous_0)","decl":{"start":{"line":7,"column":30},"end":{"line":7,"column":36}},"loc":{"start":{"line":7,"column":36},"end":{"line":27,"column":null}},"line":7},"1":{"name":"(anonymous_1)","decl":{"start":{"line":10,"column":12},"end":{"line":10,"column":13}},"loc":{"start":{"line":10,"column":88},"end":{"line":24,"column":null}},"line":10}},"branchMap":{"0":{"loc":{"start":{"line":12,"column":4},"end":{"line":15,"column":null}},"type":"if","locations":[{"start":{"line":12,"column":4},"end":{"line":15,"column":null}},{"start":{},"end":{}}],"line":12},"1":{"loc":{"start":{"line":17,"column":15},"end":{"line":17,"column":null}},"type":"binary-expr","locations":[{"start":{"line":17,"column":15},"end":{"line":17,"column":40}},{"start":{"line":17,"column":40},"end":{"line":17,"column":null}}],"line":17},"2":{"loc":{"start":{"line":18,"column":4},"end":{"line":22,"column":null}},"type":"if","locations":[{"start":{"line":18,"column":4},"end":{"line":22,"column":null}},{"start":{},"end":{}}],"line":18}},"s":{"0":1,"1":4,"2":4,"3":16,"4":16,"5":0,"6":0,"7":16,"8":16,"9":0,"10":0,"11":16,"12":4},"f":{"0":4,"1":16},"b":{"0":[0,16],"1":[16,0],"2":[0,16]},"meta":{"lastBranch":3,"lastFunction":2,"lastStatement":13,"seen":{"s:7:30:27:Infinity":0,"f:7:30:7:36":0,"s:8:19:8:Infinity":1,"s:10:12:24:Infinity":2,"f:10:12:10:13":1,"s:11:25:11:Infinity":3,"b:12:4:15:Infinity:undefined:undefined:undefined:undefined":0,"s:12:4:15:Infinity":4,"s:13:6:13:Infinity":5,"s:14:6:14:Infinity":6,"s:17:15:17:Infinity":7,"b:17:15:17:40:17:40:17:Infinity":1,"b:18:4:22:Infinity:undefined:undefined:undefined:undefined":2,"s:18:4:22:Infinity":8,"s:19:6:21:Infinity":9,"s:20:8:20:Infinity":10,"s:23:4:23:Infinity":11,"s:26:2:26:Infinity":12}}}
,"/home/tal/GeminiCLIProjects/ShoppingList/client/src/components/AddItemFAB.tsx": {"path":"/home/tal/GeminiCLIProjects/ShoppingList/client/src/components/AddItemFAB.tsx","statementMap":{"0":{"start":{"line":22,"column":22},"end":{"line":22,"column":null}},"1":{"start":{"line":23,"column":22},"end":{"line":23,"column":null}},"2":{"start":{"line":24,"column":30},"end":{"line":24,"column":null}},"3":{"start":{"line":25,"column":12},"end":{"line":25,"column":null}},"4":{"start":{"line":27,"column":21},"end":{"line":27,"column":null}},"5":{"start":{"line":27,"column":27},"end":{"line":27,"column":null}},"6":{"start":{"line":28,"column":22},"end":{"line":32,"column":null}},"7":{"start":{"line":29,"column":4},"end":{"line":29,"column":null}},"8":{"start":{"line":30,"column":4},"end":{"line":30,"column":null}},"9":{"start":{"line":31,"column":4},"end":{"line":31,"column":null}},"10":{"start":{"line":34,"column":20},"end":{"line":39,"column":null}},"11":{"start":{"line":35,"column":4},"end":{"line":38,"column":null}},"12":{"start":{"line":36,"column":6},"end":{"line":36,"column":null}},"13":{"start":{"line":37,"column":6},"end":{"line":37,"column":null}},"14":{"start":{"line":41,"column":2},"end":{"line":85,"column":null}},"15":{"start":{"line":60,"column":46},"end":{"line":60,"column":null}},"16":{"start":{"line":62,"column":16},"end":{"line":67,"column":null}},"17":{"start":{"line":74,"column":31},"end":{"line":74,"column":null}}},"fnMap":{"0":{"name":"AddItemFAB","decl":{"start":{"line":21,"column":24},"end":{"line":21,"column":35}},"loc":{"start":{"line":21,"column":84},"end":{"line":87,"column":null}},"line":21},"1":{"name":"(anonymous_1)","decl":{"start":{"line":27,"column":21},"end":{"line":27,"column":27}},"loc":{"start":{"line":27,"column":27},"end":{"line":27,"column":null}},"line":27},"2":{"name":"(anonymous_2)","decl":{"start":{"line":28,"column":22},"end":{"line":28,"column":28}},"loc":{"start":{"line":28,"column":28},"end":{"line":32,"column":null}},"line":28},"3":{"name":"(anonymous_3)","decl":{"start":{"line":34,"column":20},"end":{"line":34,"column":26}},"loc":{"start":{"line":34,"column":26},"end":{"line":39,"column":null}},"line":34},"4":{"name":"(anonymous_4)","decl":{"start":{"line":60,"column":29},"end":{"line":60,"column":30}},"loc":{"start":{"line":60,"column":46},"end":{"line":60,"column":null}},"line":60},"5":{"name":"(anonymous_5)","decl":{"start":{"line":61,"column":27},"end":{"line":61,"column":28}},"loc":{"start":{"line":62,"column":16},"end":{"line":67,"column":null}},"line":62},"6":{"name":"(anonymous_6)","decl":{"start":{"line":74,"column":24},"end":{"line":74,"column":25}},"loc":{"start":{"line":74,"column":31},"end":{"line":74,"column":null}},"line":74}},"branchMap":{"0":{"loc":{"start":{"line":35,"column":4},"end":{"line":38,"column":null}},"type":"if","locations":[{"start":{"line":35,"column":4},"end":{"line":38,"column":null}},{"start":{},"end":{}}],"line":35}},"s":{"0":2,"1":2,"2":2,"3":2,"4":2,"5":0,"6":2,"7":0,"8":0,"9":0,"10":2,"11":0,"12":0,"13":0,"14":2,"15":0,"16":0,"17":0},"f":{"0":2,"1":0,"2":0,"3":0,"4":0,"5":0,"6":0},"b":{"0":[0,0]},"meta":{"lastBranch":1,"lastFunction":7,"lastStatement":18,"seen":{"f:21:24:21:35":0,"s:22:22:22:Infinity":0,"s:23:22:23:Infinity":1,"s:24:30:24:Infinity":2,"s:25:12:25:Infinity":3,"s:27:21:27:Infinity":4,"f:27:21:27:27":1,"s:27:27:27:Infinity":5,"s:28:22:32:Infinity":6,"f:28:22:28:28":2,"s:29:4:29:Infinity":7,"s:30:4:30:Infinity":8,"s:31:4:31:Infinity":9,"s:34:20:39:Infinity":10,"f:34:20:34:26":3,"b:35:4:38:Infinity:undefined:undefined:undefined:undefined":0,"s:35:4:38:Infinity":11,"s:36:6:36:Infinity":12,"s:37:6:37:Infinity":13,"s:41:2:85:Infinity":14,"f:60:29:60:30":4,"s:60:46:60:Infinity":15,"f:61:27:61:28":5,"s:62:16:67:Infinity":16,"f:74:24:74:25":6,"s:74:31:74:Infinity":17}}}
,"/home/tal/GeminiCLIProjects/ShoppingList/client/src/pages/ShoppingListPage.css": {"path":"/home/tal/GeminiCLIProjects/ShoppingList/client/src/pages/ShoppingListPage.css","statementMap":{},"fnMap":{},"branchMap":{},"s":{},"f":{},"b":{},"meta":{"lastBranch":0,"lastFunction":0,"lastStatement":0,"seen":{}}}
,"/home/tal/GeminiCLIProjects/ShoppingList/client/src/pages/ShoppingListPage.tsx": {"path":"/home/tal/GeminiCLIProjects/ShoppingList/client/src/pages/ShoppingListPage.tsx","statementMap":{"0":{"start":{"line":41,"column":6},"end":{"line":41,"column":null}},"1":{"start":{"line":62,"column":17},"end":{"line":69,"column":null}},"2":{"start":{"line":63,"column":38},"end":{"line":67,"column":null}},"3":{"start":{"line":68,"column":2},"end":{"line":68,"column":null}},"4":{"start":{"line":68,"column":35},"end":{"line":68,"column":66}},"5":{"start":{"line":71,"column":27},"end":{"line":128,"column":null}},"6":{"start":{"line":72,"column":20},"end":{"line":72,"column":null}},"7":{"start":{"line":73,"column":24},"end":{"line":73,"column":null}},"8":{"start":{"line":74,"column":19},"end":{"line":74,"column":null}},"9":{"start":{"line":76,"column":2},"end":{"line":78,"column":null}},"10":{"start":{"line":77,"column":6},"end":{"line":77,"column":null}},"11":{"start":{"line":80,"column":20},"end":{"line":80,"column":null}},"12":{"start":{"line":82,"column":2},"end":{"line":125,"column":null}},"13":{"start":{"line":83,"column":20},"end":{"line":83,"column":null}},"14":{"start":{"line":84,"column":6},"end":{"line":124,"column":null}},"15":{"start":{"line":85,"column":27},"end":{"line":85,"column":null}},"16":{"start":{"line":86,"column":29},"end":{"line":86,"column":null}},"17":{"start":{"line":88,"column":10},"end":{"line":123,"column":null}},"18":{"start":{"line":89,"column":33},"end":{"line":89,"column":null}},"19":{"start":{"line":90,"column":31},"end":{"line":90,"column":null}},"20":{"start":{"line":91,"column":31},"end":{"line":91,"column":null}},"21":{"start":{"line":93,"column":33},"end":{"line":93,"column":null}},"22":{"start":{"line":95,"column":14},"end":{"line":122,"column":null}},"23":{"start":{"line":96,"column":38},"end":{"line":96,"column":null}},"24":{"start":{"line":97,"column":38},"end":{"line":97,"column":null}},"25":{"start":{"line":98,"column":18},"end":{"line":111,"column":null}},"26":{"start":{"line":99,"column":42},"end":{"line":99,"column":null}},"27":{"start":{"line":100,"column":40},"end":{"line":100,"column":null}},"28":{"start":{"line":101,"column":22},"end":{"line":101,"column":null}},"29":{"start":{"line":103,"column":22},"end":{"line":110,"column":null}},"30":{"start":{"line":104,"column":26},"end":{"line":109,"column":null}},"31":{"start":{"line":113,"column":39},"end":{"line":113,"column":null}},"32":{"start":{"line":114,"column":18},"end":{"line":121,"column":null}},"33":{"start":{"line":115,"column":22},"end":{"line":120,"column":null}},"34":{"start":{"line":127,"column":2},"end":{"line":127,"column":null}},"35":{"start":{"line":130,"column":25},"end":{"line":774,"column":null}},"36":{"start":{"line":131,"column":12},"end":{"line":131,"column":null}},"37":{"start":{"line":133,"column":24},"end":{"line":133,"column":null}},"38":{"start":{"line":134,"column":38},"end":{"line":134,"column":null}},"39":{"start":{"line":135,"column":38},"end":{"line":135,"column":null}},"40":{"start":{"line":136,"column":38},"end":{"line":136,"column":null}},"41":{"start":{"line":137,"column":34},"end":{"line":137,"column":null}},"42":{"start":{"line":139,"column":40},"end":{"line":139,"column":null}},"43":{"start":{"line":140,"column":44},"end":{"line":140,"column":null}},"44":{"start":{"line":141,"column":8},"end":{"line":141,"column":null}},"45":{"start":{"line":141,"column":38},"end":{"line":141,"column":89}},"46":{"start":{"line":141,"column":56},"end":{"line":141,"column":86}},"47":{"start":{"line":143,"column":36},"end":{"line":143,"column":null}},"48":{"start":{"line":144,"column":42},"end":{"line":144,"column":null}},"49":{"start":{"line":145,"column":42},"end":{"line":145,"column":null}},"50":{"start":{"line":147,"column":32},"end":{"line":147,"column":null}},"51":{"start":{"line":148,"column":36},"end":{"line":148,"column":null}},"52":{"start":{"line":150,"column":22},"end":{"line":156,"column":null}},"53":{"start":{"line":151,"column":4},"end":{"line":155,"column":null}},"54":{"start":{"line":152,"column":6},"end":{"line":154,"column":null}},"55":{"start":{"line":153,"column":27},"end":{"line":153,"column":42}},"56":{"start":{"line":158,"column":26},"end":{"line":165,"column":null}},"57":{"start":{"line":159,"column":26},"end":{"line":159,"column":null}},"58":{"start":{"line":160,"column":4},"end":{"line":164,"column":null}},"59":{"start":{"line":161,"column":6},"end":{"line":161,"column":null}},"60":{"start":{"line":163,"column":6},"end":{"line":163,"column":null}},"61":{"start":{"line":167,"column":8},"end":{"line":182,"column":null}},"62":{"start":{"line":168,"column":43},"end":{"line":168,"column":null}},"63":{"start":{"line":169,"column":6},"end":{"line":180,"column":null}},"64":{"start":{"line":170,"column":25},"end":{"line":170,"column":null}},"65":{"start":{"line":171,"column":23},"end":{"line":171,"column":null}},"66":{"start":{"line":171,"column":39},"end":{"line":171,"column":54}},"67":{"start":{"line":172,"column":10},"end":{"line":172,"column":null}},"68":{"start":{"line":172,"column":21},"end":{"line":172,"column":null}},"69":{"start":{"line":174,"column":20},"end":{"line":174,"column":null}},"70":{"start":{"line":175,"column":10},"end":{"line":178,"column":null}},"71":{"start":{"line":176,"column":32},"end":{"line":176,"column":null}},"72":{"start":{"line":177,"column":14},"end":{"line":177,"column":null}},"73":{"start":{"line":177,"column":31},"end":{"line":177,"column":null}},"74":{"start":{"line":179,"column":10},"end":{"line":179,"column":null}},"75":{"start":{"line":181,"column":6},"end":{"line":181,"column":null}},"76":{"start":{"line":184,"column":2},"end":{"line":196,"column":null}},"77":{"start":{"line":185,"column":4},"end":{"line":185,"column":null}},"78":{"start":{"line":186,"column":4},"end":{"line":186,"column":null}},"79":{"start":{"line":187,"column":4},"end":{"line":187,"column":null}},"80":{"start":{"line":189,"column":4},"end":{"line":191,"column":null}},"81":{"start":{"line":190,"column":6},"end":{"line":190,"column":null}},"82":{"start":{"line":190,"column":31},"end":{"line":190,"column":73}},"83":{"start":{"line":193,"column":4},"end":{"line":195,"column":null}},"84":{"start":{"line":194,"column":6},"end":{"line":194,"column":null}},"85":{"start":{"line":198,"column":2},"end":{"line":209,"column":null}},"86":{"start":{"line":199,"column":31},"end":{"line":203,"column":null}},"87":{"start":{"line":200,"column":6},"end":{"line":202,"column":null}},"88":{"start":{"line":201,"column":8},"end":{"line":201,"column":null}},"89":{"start":{"line":205,"column":4},"end":{"line":205,"column":null}},"90":{"start":{"line":206,"column":4},"end":{"line":208,"column":null}},"91":{"start":{"line":207,"column":6},"end":{"line":207,"column":null}},"92":{"start":{"line":211,"column":28},"end":{"line":214,"column":null}},"93":{"start":{"line":212,"column":16},"end":{"line":212,"column":null}},"94":{"start":{"line":213,"column":4},"end":{"line":213,"column":null}},"95":{"start":{"line":216,"column":26},"end":{"line":227,"column":null}},"96":{"start":{"line":217,"column":4},"end":{"line":226,"column":null}},"97":{"start":{"line":218,"column":18},"end":{"line":218,"column":null}},"98":{"start":{"line":219,"column":47},"end":{"line":219,"column":null}},"99":{"start":{"line":220,"column":6},"end":{"line":222,"column":null}},"100":{"start":{"line":221,"column":8},"end":{"line":221,"column":null}},"101":{"start":{"line":223,"column":6},"end":{"line":223,"column":null}},"102":{"start":{"line":225,"column":6},"end":{"line":225,"column":null}},"103":{"start":{"line":229,"column":20},"end":{"line":232,"column":null}},"104":{"start":{"line":230,"column":16},"end":{"line":230,"column":null}},"105":{"start":{"line":231,"column":4},"end":{"line":231,"column":null}},"106":{"start":{"line":234,"column":24},"end":{"line":262,"column":null}},"107":{"start":{"line":235,"column":4},"end":{"line":261,"column":null}},"108":{"start":{"line":236,"column":8},"end":{"line":250,"column":null}},"109":{"start":{"line":238,"column":12},"end":{"line":240,"column":null}},"110":{"start":{"line":241,"column":12},"end":{"line":241,"column":null}},"111":{"start":{"line":244,"column":12},"end":{"line":248,"column":null}},"112":{"start":{"line":249,"column":12},"end":{"line":249,"column":null}},"113":{"start":{"line":253,"column":8},"end":{"line":255,"column":null}},"114":{"start":{"line":257,"column":8},"end":{"line":257,"column":null}},"115":{"start":{"line":257,"column":25},"end":{"line":257,"column":48}},"116":{"start":{"line":259,"column":8},"end":{"line":259,"column":null}},"117":{"start":{"line":260,"column":8},"end":{"line":260,"column":null}},"118":{"start":{"line":264,"column":18},"end":{"line":287,"column":null}},"119":{"start":{"line":265,"column":4},"end":{"line":265,"column":null}},"120":{"start":{"line":265,"column":15},"end":{"line":265,"column":null}},"121":{"start":{"line":266,"column":19},"end":{"line":266,"column":null}},"122":{"start":{"line":267,"column":28},"end":{"line":267,"column":null}},"123":{"start":{"line":268,"column":4},"end":{"line":270,"column":null}},"124":{"start":{"line":269,"column":8},"end":{"line":269,"column":null}},"125":{"start":{"line":271,"column":25},"end":{"line":271,"column":null}},"126":{"start":{"line":271,"column":44},"end":{"line":271,"column":98}},"127":{"start":{"line":272,"column":4},"end":{"line":286,"column":null}},"128":{"start":{"line":273,"column":26},"end":{"line":273,"column":null}},"129":{"start":{"line":274,"column":6},"end":{"line":274,"column":null}},"130":{"start":{"line":275,"column":6},"end":{"line":275,"column":null}},"131":{"start":{"line":276,"column":6},"end":{"line":276,"column":null}},"132":{"start":{"line":276,"column":23},"end":{"line":276,"column":46}},"133":{"start":{"line":278,"column":6},"end":{"line":278,"column":null}},"134":{"start":{"line":279,"column":22},"end":{"line":279,"column":null}},"135":{"start":{"line":280,"column":26},"end":{"line":280,"column":null}},"136":{"start":{"line":281,"column":6},"end":{"line":281,"column":null}},"137":{"start":{"line":282,"column":6},"end":{"line":285,"column":null}},"138":{"start":{"line":283,"column":26},"end":{"line":283,"column":null}},"139":{"start":{"line":283,"column":75},"end":{"line":283,"column":113}},"140":{"start":{"line":284,"column":10},"end":{"line":284,"column":null}},"141":{"start":{"line":289,"column":21},"end":{"line":298,"column":null}},"142":{"start":{"line":290,"column":4},"end":{"line":290,"column":null}},"143":{"start":{"line":290,"column":31},"end":{"line":290,"column":75}},"144":{"start":{"line":290,"column":57},"end":{"line":290,"column":74}},"145":{"start":{"line":291,"column":4},"end":{"line":295,"column":null}},"146":{"start":{"line":292,"column":27},"end":{"line":292,"column":null}},"147":{"start":{"line":293,"column":8},"end":{"line":293,"column":null}},"148":{"start":{"line":294,"column":8},"end":{"line":294,"column":null}},"149":{"start":{"line":296,"column":4},"end":{"line":296,"column":null}},"150":{"start":{"line":297,"column":4},"end":{"line":297,"column":null}},"151":{"start":{"line":300,"column":29},"end":{"line":305,"column":null}},"152":{"start":{"line":301,"column":4},"end":{"line":304,"column":null}},"153":{"start":{"line":302,"column":6},"end":{"line":302,"column":null}},"154":{"start":{"line":303,"column":6},"end":{"line":303,"column":null}},"155":{"start":{"line":307,"column":25},"end":{"line":310,"column":null}},"156":{"start":{"line":308,"column":4},"end":{"line":308,"column":null}},"157":{"start":{"line":309,"column":4},"end":{"line":309,"column":null}},"158":{"start":{"line":312,"column":25},"end":{"line":329,"column":null}},"159":{"start":{"line":313,"column":20},"end":{"line":313,"column":null}},"160":{"start":{"line":314,"column":28},"end":{"line":314,"column":null}},"161":{"start":{"line":315,"column":4},"end":{"line":317,"column":null}},"162":{"start":{"line":316,"column":8},"end":{"line":316,"column":null}},"163":{"start":{"line":318,"column":4},"end":{"line":318,"column":null}},"164":{"start":{"line":321,"column":24},"end":{"line":321,"column":null}},"165":{"start":{"line":321,"column":40},"end":{"line":321,"column":51}},"166":{"start":{"line":322,"column":4},"end":{"line":324,"column":null}},"167":{"start":{"line":323,"column":8},"end":{"line":323,"column":null}},"168":{"start":{"line":326,"column":4},"end":{"line":326,"column":null}},"169":{"start":{"line":327,"column":4},"end":{"line":327,"column":null}},"170":{"start":{"line":328,"column":4},"end":{"line":328,"column":null}},"171":{"start":{"line":331,"column":26},"end":{"line":363,"column":null}},"172":{"start":{"line":332,"column":4},"end":{"line":342,"column":null}},"173":{"start":{"line":333,"column":6},"end":{"line":338,"column":null}},"174":{"start":{"line":334,"column":8},"end":{"line":334,"column":null}},"175":{"start":{"line":334,"column":35},"end":{"line":334,"column":68}},"176":{"start":{"line":334,"column":53},"end":{"line":334,"column":67}},"177":{"start":{"line":335,"column":8},"end":{"line":335,"column":null}},"178":{"start":{"line":337,"column":8},"end":{"line":337,"column":null}},"179":{"start":{"line":337,"column":35},"end":{"line":337,"column":53}},"180":{"start":{"line":340,"column":6},"end":{"line":340,"column":null}},"181":{"start":{"line":341,"column":6},"end":{"line":341,"column":null}},"182":{"start":{"line":344,"column":4},"end":{"line":344,"column":null}},"183":{"start":{"line":345,"column":4},"end":{"line":362,"column":null}},"184":{"start":{"line":346,"column":20},"end":{"line":346,"column":null}},"185":{"start":{"line":347,"column":30},"end":{"line":351,"column":null}},"186":{"start":{"line":348,"column":27},"end":{"line":348,"column":null}},"187":{"start":{"line":349,"column":27},"end":{"line":349,"column":null}},"188":{"start":{"line":350,"column":12},"end":{"line":350,"column":null}},"189":{"start":{"line":352,"column":56},"end":{"line":352,"column":null}},"190":{"start":{"line":353,"column":8},"end":{"line":356,"column":null}},"191":{"start":{"line":354,"column":12},"end":{"line":354,"column":null}},"192":{"start":{"line":354,"column":46},"end":{"line":354,"column":null}},"193":{"start":{"line":355,"column":12},"end":{"line":355,"column":null}},"194":{"start":{"line":357,"column":8},"end":{"line":357,"column":null}},"195":{"start":{"line":357,"column":32},"end":{"line":357,"column":64}},"196":{"start":{"line":359,"column":8},"end":{"line":359,"column":null}},"197":{"start":{"line":361,"column":8},"end":{"line":361,"column":null}},"198":{"start":{"line":365,"column":8},"end":{"line":374,"column":null}},"199":{"start":{"line":366,"column":24},"end":{"line":366,"column":null}},"200":{"start":{"line":367,"column":4},"end":{"line":372,"column":null}},"201":{"start":{"line":368,"column":6},"end":{"line":371,"column":null}},"202":{"start":{"line":369,"column":8},"end":{"line":369,"column":null}},"203":{"start":{"line":370,"column":8},"end":{"line":370,"column":null}},"204":{"start":{"line":373,"column":4},"end":{"line":373,"column":null}},"205":{"start":{"line":376,"column":8},"end":{"line":411,"column":null}},"206":{"start":{"line":377,"column":24},"end":{"line":377,"column":null}},"207":{"start":{"line":378,"column":22},"end":{"line":378,"column":null}},"208":{"start":{"line":379,"column":26},"end":{"line":379,"column":null}},"209":{"start":{"line":381,"column":4},"end":{"line":409,"column":null}},"210":{"start":{"line":382,"column":22},"end":{"line":382,"column":null}},"211":{"start":{"line":383,"column":6},"end":{"line":383,"column":null}},"212":{"start":{"line":383,"column":44},"end":{"line":383,"column":null}},"213":{"start":{"line":384,"column":25},"end":{"line":384,"column":null}},"214":{"start":{"line":385,"column":25},"end":{"line":385,"column":null}},"215":{"start":{"line":386,"column":6},"end":{"line":402,"column":null}},"216":{"start":{"line":387,"column":24},"end":{"line":387,"column":null}},"217":{"start":{"line":388,"column":24},"end":{"line":388,"column":null}},"218":{"start":{"line":389,"column":25},"end":{"line":389,"column":null}},"219":{"start":{"line":390,"column":8},"end":{"line":396,"column":null}},"220":{"start":{"line":391,"column":12},"end":{"line":391,"column":null}},"221":{"start":{"line":393,"column":29},"end":{"line":393,"column":null}},"222":{"start":{"line":394,"column":12},"end":{"line":395,"column":null}},"223":{"start":{"line":394,"column":51},"end":{"line":394,"column":null}},"224":{"start":{"line":395,"column":17},"end":{"line":395,"column":null}},"225":{"start":{"line":397,"column":8},"end":{"line":400,"column":null}},"226":{"start":{"line":398,"column":12},"end":{"line":398,"column":null}},"227":{"start":{"line":399,"column":12},"end":{"line":399,"column":null}},"228":{"start":{"line":401,"column":8},"end":{"line":401,"column":null}},"229":{"start":{"line":403,"column":6},"end":{"line":403,"column":null}},"230":{"start":{"line":403,"column":72},"end":{"line":403,"column":null}},"231":{"start":{"line":404,"column":6},"end":{"line":408,"column":null}},"232":{"start":{"line":405,"column":8},"end":{"line":405,"column":null}},"233":{"start":{"line":406,"column":28},"end":{"line":406,"column":null}},"234":{"start":{"line":406,"column":51},"end":{"line":406,"column":75}},"235":{"start":{"line":407,"column":8},"end":{"line":407,"column":null}},"236":{"start":{"line":410,"column":4},"end":{"line":410,"column":null}},"237":{"start":{"line":413,"column":8},"end":{"line":423,"column":null}},"238":{"start":{"line":414,"column":90},"end":{"line":414,"column":null}},"239":{"start":{"line":415,"column":4},"end":{"line":421,"column":null}},"240":{"start":{"line":416,"column":27},"end":{"line":416,"column":null}},"241":{"start":{"line":417,"column":6},"end":{"line":420,"column":null}},"242":{"start":{"line":418,"column":8},"end":{"line":418,"column":null}},"243":{"start":{"line":418,"column":32},"end":{"line":418,"column":null}},"244":{"start":{"line":419,"column":8},"end":{"line":419,"column":null}},"245":{"start":{"line":422,"column":4},"end":{"line":422,"column":null}},"246":{"start":{"line":425,"column":26},"end":{"line":449,"column":null}},"247":{"start":{"line":426,"column":4},"end":{"line":426,"column":null}},"248":{"start":{"line":426,"column":16},"end":{"line":426,"column":null}},"249":{"start":{"line":427,"column":19},"end":{"line":427,"column":null}},"250":{"start":{"line":428,"column":4},"end":{"line":447,"column":null}},"251":{"start":{"line":431,"column":37},"end":{"line":431,"column":null}},"252":{"start":{"line":432,"column":30},"end":{"line":432,"column":null}},"253":{"start":{"line":433,"column":30},"end":{"line":433,"column":null}},"254":{"start":{"line":434,"column":16},"end":{"line":440,"column":null}},"255":{"start":{"line":435,"column":40},"end":{"line":435,"column":null}},"256":{"start":{"line":436,"column":34},"end":{"line":436,"column":null}},"257":{"start":{"line":437,"column":20},"end":{"line":439,"column":null}},"258":{"start":{"line":438,"column":24},"end":{"line":438,"column":null}},"259":{"start":{"line":441,"column":16},"end":{"line":444,"column":null}},"260":{"start":{"line":451,"column":26},"end":{"line":522,"column":null}},"261":{"start":{"line":452,"column":59},"end":{"line":452,"column":null}},"262":{"start":{"line":453,"column":30},"end":{"line":453,"column":null}},"263":{"start":{"line":454,"column":28},"end":{"line":454,"column":null}},"264":{"start":{"line":456,"column":21},"end":{"line":456,"column":null}},"265":{"start":{"line":457,"column":4},"end":{"line":458,"column":null}},"266":{"start":{"line":457,"column":27},"end":{"line":457,"column":null}},"267":{"start":{"line":457,"column":40},"end":{"line":458,"column":null}},"268":{"start":{"line":458,"column":30},"end":{"line":458,"column":null}},"269":{"start":{"line":460,"column":37},"end":{"line":460,"column":null}},"270":{"start":{"line":460,"column":90},"end":{"line":460,"column":127}},"271":{"start":{"line":462,"column":21},"end":{"line":463,"column":null}},"272":{"start":{"line":465,"column":4},"end":{"line":520,"column":null}},"273":{"start":{"line":498,"column":24},"end":{"line":498,"column":null}},"274":{"start":{"line":499,"column":24},"end":{"line":499,"column":null}},"275":{"start":{"line":524,"column":23},"end":{"line":524,"column":null}},"276":{"start":{"line":526,"column":2},"end":{"line":772,"column":null}},"277":{"start":{"line":559,"column":87},"end":{"line":559,"column":129}},"278":{"start":{"line":559,"column":121},"end":{"line":559,"column":125}},"279":{"start":{"line":559,"column":129},"end":{"line":559,"column":191}},"280":{"start":{"line":559,"column":148},"end":{"line":559,"column":188}},"281":{"start":{"line":560,"column":107},"end":{"line":560,"column":143}},"282":{"start":{"line":560,"column":143},"end":{"line":560,"column":214}},"283":{"start":{"line":560,"column":168},"end":{"line":560,"column":192}},"284":{"start":{"line":560,"column":192},"end":{"line":560,"column":212}},"285":{"start":{"line":566,"column":35},"end":{"line":566,"column":null}},"286":{"start":{"line":567,"column":31},"end":{"line":567,"column":null}},"287":{"start":{"line":569,"column":39},"end":{"line":583,"column":null}},"288":{"start":{"line":570,"column":18},"end":{"line":583,"column":null}},"289":{"start":{"line":571,"column":48},"end":{"line":571,"column":null}},"290":{"start":{"line":586,"column":40},"end":{"line":603,"column":null}},"291":{"start":{"line":587,"column":18},"end":{"line":603,"column":null}},"292":{"start":{"line":590,"column":37},"end":{"line":590,"column":null}},"293":{"start":{"line":606,"column":16},"end":{"line":674,"column":null}},"294":{"start":{"line":614,"column":37},"end":{"line":614,"column":null}},"295":{"start":{"line":630,"column":43},"end":{"line":630,"column":null}},"296":{"start":{"line":632,"column":30},"end":{"line":632,"column":null}},"297":{"start":{"line":632,"column":53},"end":{"line":632,"column":null}},"298":{"start":{"line":633,"column":30},"end":{"line":633,"column":null}},"299":{"start":{"line":633,"column":54},"end":{"line":633,"column":null}},"300":{"start":{"line":636,"column":42},"end":{"line":636,"column":null}},"301":{"start":{"line":651,"column":86},"end":{"line":651,"column":139}},"302":{"start":{"line":651,"column":155},"end":{"line":651,"column":176}},"303":{"start":{"line":653,"column":69},"end":{"line":653,"column":90}},"304":{"start":{"line":653,"column":90},"end":{"line":653,"column":128}},"305":{"start":{"line":657,"column":69},"end":{"line":657,"column":90}},"306":{"start":{"line":657,"column":90},"end":{"line":657,"column":113}},"307":{"start":{"line":657,"column":113},"end":{"line":657,"column":144}},"308":{"start":{"line":663,"column":42},"end":{"line":663,"column":63}},"309":{"start":{"line":663,"column":63},"end":{"line":663,"column":84}},"310":{"start":{"line":693,"column":66},"end":{"line":693,"column":90}},"311":{"start":{"line":693,"column":90},"end":{"line":693,"column":110}},"312":{"start":{"line":699,"column":47},"end":{"line":699,"column":null}},"313":{"start":{"line":700,"column":28},"end":{"line":728,"column":null}},"314":{"start":{"line":702,"column":56},"end":{"line":702,"column":80}},"315":{"start":{"line":710,"column":70},"end":{"line":710,"column":null}},"316":{"start":{"line":711,"column":52},"end":{"line":711,"column":null}},"317":{"start":{"line":719,"column":48},"end":{"line":724,"column":null}},"318":{"start":{"line":722,"column":136},"end":{"line":722,"column":202}},"319":{"start":{"line":748,"column":18},"end":{"line":765,"column":null}},"320":{"start":{"line":754,"column":84},"end":{"line":754,"column":null}}},"fnMap":{"0":{"name":"(anonymous_0)","decl":{"start":{"line":62,"column":17},"end":{"line":62,"column":18}},"loc":{"start":{"line":62,"column":34},"end":{"line":69,"column":null}},"line":62},"1":{"name":"(anonymous_1)","decl":{"start":{"line":68,"column":27},"end":{"line":68,"column":35}},"loc":{"start":{"line":68,"column":35},"end":{"line":68,"column":66}},"line":68},"2":{"name":"(anonymous_2)","decl":{"start":{"line":71,"column":27},"end":{"line":71,"column":28}},"loc":{"start":{"line":71,"column":70},"end":{"line":128,"column":null}},"line":71},"3":{"name":"(anonymous_3)","decl":{"start":{"line":82,"column":20},"end":{"line":82,"column":33}},"loc":{"start":{"line":82,"column":33},"end":{"line":125,"column":3}},"line":82},"4":{"name":"(anonymous_4)","decl":{"start":{"line":130,"column":25},"end":{"line":130,"column":31}},"loc":{"start":{"line":130,"column":31},"end":{"line":774,"column":null}},"line":130},"5":{"name":"(anonymous_5)","decl":{"start":{"line":141,"column":32},"end":{"line":141,"column":38}},"loc":{"start":{"line":141,"column":38},"end":{"line":141,"column":89}},"line":141},"6":{"name":"(anonymous_6)","decl":{"start":{"line":141,"column":51},"end":{"line":141,"column":56}},"loc":{"start":{"line":141,"column":56},"end":{"line":141,"column":86}},"line":141},"7":{"name":"(anonymous_7)","decl":{"start":{"line":150,"column":22},"end":{"line":150,"column":23}},"loc":{"start":{"line":150,"column":45},"end":{"line":156,"column":null}},"line":150},"8":{"name":"(anonymous_8)","decl":{"start":{"line":151,"column":22},"end":{"line":151,"column":null}},"loc":{"start":{"line":152,"column":6},"end":{"line":154,"column":null}},"line":152},"9":{"name":"(anonymous_9)","decl":{"start":{"line":153,"column":22},"end":{"line":153,"column":27}},"loc":{"start":{"line":153,"column":27},"end":{"line":153,"column":42}},"line":153},"10":{"name":"(anonymous_10)","decl":{"start":{"line":158,"column":26},"end":{"line":158,"column":32}},"loc":{"start":{"line":158,"column":32},"end":{"line":165,"column":null}},"line":158},"11":{"name":"(anonymous_11)","decl":{"start":{"line":167,"column":35},"end":{"line":167,"column":41}},"loc":{"start":{"line":167,"column":41},"end":{"line":182,"column":5}},"line":167},"12":{"name":"(anonymous_12)","decl":{"start":{"line":169,"column":42},"end":{"line":169,"column":43}},"loc":{"start":{"line":169,"column":73},"end":{"line":180,"column":7}},"line":169},"13":{"name":"(anonymous_13)","decl":{"start":{"line":171,"column":34},"end":{"line":171,"column":39}},"loc":{"start":{"line":171,"column":39},"end":{"line":171,"column":54}},"line":171},"14":{"name":"(anonymous_14)","decl":{"start":{"line":175,"column":53},"end":{"line":175,"column":58}},"loc":{"start":{"line":175,"column":58},"end":{"line":178,"column":11}},"line":175},"15":{"name":"(anonymous_15)","decl":{"start":{"line":184,"column":12},"end":{"line":184,"column":18}},"loc":{"start":{"line":184,"column":18},"end":{"line":196,"column":5}},"line":184},"16":{"name":"(anonymous_16)","decl":{"start":{"line":189,"column":25},"end":{"line":189,"column":26}},"loc":{"start":{"line":189,"column":35},"end":{"line":191,"column":5}},"line":189},"17":{"name":"(anonymous_17)","decl":{"start":{"line":190,"column":22},"end":{"line":190,"column":31}},"loc":{"start":{"line":190,"column":31},"end":{"line":190,"column":73}},"line":190},"18":{"name":"(anonymous_18)","decl":{"start":{"line":193,"column":11},"end":{"line":193,"column":17}},"loc":{"start":{"line":193,"column":17},"end":{"line":195,"column":null}},"line":193},"19":{"name":"(anonymous_19)","decl":{"start":{"line":198,"column":12},"end":{"line":198,"column":18}},"loc":{"start":{"line":198,"column":18},"end":{"line":209,"column":5}},"line":198},"20":{"name":"(anonymous_20)","decl":{"start":{"line":199,"column":31},"end":{"line":199,"column":32}},"loc":{"start":{"line":199,"column":54},"end":{"line":203,"column":null}},"line":199},"21":{"name":"(anonymous_21)","decl":{"start":{"line":206,"column":11},"end":{"line":206,"column":17}},"loc":{"start":{"line":206,"column":17},"end":{"line":208,"column":null}},"line":206},"22":{"name":"(anonymous_22)","decl":{"start":{"line":211,"column":28},"end":{"line":211,"column":40}},"loc":{"start":{"line":211,"column":40},"end":{"line":214,"column":null}},"line":211},"23":{"name":"(anonymous_23)","decl":{"start":{"line":216,"column":26},"end":{"line":216,"column":38}},"loc":{"start":{"line":216,"column":38},"end":{"line":227,"column":null}},"line":216},"24":{"name":"(anonymous_24)","decl":{"start":{"line":220,"column":39},"end":{"line":220,"column":40}},"loc":{"start":{"line":220,"column":70},"end":{"line":222,"column":7}},"line":220},"25":{"name":"(anonymous_25)","decl":{"start":{"line":229,"column":20},"end":{"line":229,"column":32}},"loc":{"start":{"line":229,"column":32},"end":{"line":232,"column":null}},"line":229},"26":{"name":"(anonymous_26)","decl":{"start":{"line":234,"column":24},"end":{"line":234,"column":31}},"loc":{"start":{"line":234,"column":129},"end":{"line":262,"column":null}},"line":234},"27":{"name":"(anonymous_27)","decl":{"start":{"line":257,"column":19},"end":{"line":257,"column":25}},"loc":{"start":{"line":257,"column":25},"end":{"line":257,"column":48}},"line":257},"28":{"name":"(anonymous_28)","decl":{"start":{"line":264,"column":18},"end":{"line":264,"column":25}},"loc":{"start":{"line":264,"column":60},"end":{"line":287,"column":null}},"line":264},"29":{"name":"(anonymous_29)","decl":{"start":{"line":271,"column":36},"end":{"line":271,"column":44}},"loc":{"start":{"line":271,"column":44},"end":{"line":271,"column":98}},"line":271},"30":{"name":"(anonymous_30)","decl":{"start":{"line":276,"column":17},"end":{"line":276,"column":23}},"loc":{"start":{"line":276,"column":23},"end":{"line":276,"column":46}},"line":276},"31":{"name":"(anonymous_31)","decl":{"start":{"line":283,"column":45},"end":{"line":283,"column":46}},"loc":{"start":{"line":283,"column":75},"end":{"line":283,"column":113}},"line":283},"32":{"name":"(anonymous_32)","decl":{"start":{"line":289,"column":21},"end":{"line":289,"column":28}},"loc":{"start":{"line":289,"column":43},"end":{"line":298,"column":null}},"line":289},"33":{"name":"(anonymous_33)","decl":{"start":{"line":290,"column":23},"end":{"line":290,"column":31}},"loc":{"start":{"line":290,"column":31},"end":{"line":290,"column":75}},"line":290},"34":{"name":"(anonymous_34)","decl":{"start":{"line":290,"column":43},"end":{"line":290,"column":57}},"loc":{"start":{"line":290,"column":57},"end":{"line":290,"column":74}},"line":290},"35":{"name":"(anonymous_35)","decl":{"start":{"line":291,"column":19},"end":{"line":291,"column":27}},"loc":{"start":{"line":291,"column":27},"end":{"line":295,"column":5}},"line":291},"36":{"name":"(anonymous_36)","decl":{"start":{"line":300,"column":29},"end":{"line":300,"column":36}},"loc":{"start":{"line":300,"column":69},"end":{"line":305,"column":null}},"line":300},"37":{"name":"(anonymous_37)","decl":{"start":{"line":307,"column":25},"end":{"line":307,"column":32}},"loc":{"start":{"line":307,"column":59},"end":{"line":310,"column":null}},"line":307},"38":{"name":"(anonymous_38)","decl":{"start":{"line":312,"column":25},"end":{"line":312,"column":32}},"loc":{"start":{"line":312,"column":61},"end":{"line":329,"column":null}},"line":312},"39":{"name":"(anonymous_39)","decl":{"start":{"line":321,"column":35},"end":{"line":321,"column":40}},"loc":{"start":{"line":321,"column":40},"end":{"line":321,"column":51}},"line":321},"40":{"name":"(anonymous_40)","decl":{"start":{"line":331,"column":26},"end":{"line":331,"column":33}},"loc":{"start":{"line":331,"column":60},"end":{"line":363,"column":null}},"line":331},"41":{"name":"(anonymous_41)","decl":{"start":{"line":334,"column":27},"end":{"line":334,"column":35}},"loc":{"start":{"line":334,"column":35},"end":{"line":334,"column":68}},"line":334},"42":{"name":"(anonymous_42)","decl":{"start":{"line":334,"column":47},"end":{"line":334,"column":53}},"loc":{"start":{"line":334,"column":53},"end":{"line":334,"column":67}},"line":334},"43":{"name":"(anonymous_43)","decl":{"start":{"line":337,"column":27},"end":{"line":337,"column":35}},"loc":{"start":{"line":337,"column":35},"end":{"line":337,"column":53}},"line":337},"44":{"name":"(anonymous_44)","decl":{"start":{"line":347,"column":49},"end":{"line":347,"column":50}},"loc":{"start":{"line":347,"column":87},"end":{"line":351,"column":9}},"line":347},"45":{"name":"(anonymous_45)","decl":{"start":{"line":353,"column":30},"end":{"line":353,"column":31}},"loc":{"start":{"line":353,"column":51},"end":{"line":356,"column":9}},"line":353},"46":{"name":"(anonymous_46)","decl":{"start":{"line":357,"column":23},"end":{"line":357,"column":32}},"loc":{"start":{"line":357,"column":32},"end":{"line":357,"column":64}},"line":357},"47":{"name":"(anonymous_47)","decl":{"start":{"line":365,"column":38},"end":{"line":365,"column":44}},"loc":{"start":{"line":365,"column":44},"end":{"line":374,"column":5}},"line":365},"48":{"name":"(anonymous_48)","decl":{"start":{"line":367,"column":40},"end":{"line":367,"column":51}},"loc":{"start":{"line":367,"column":51},"end":{"line":372,"column":5}},"line":367},"49":{"name":"(anonymous_49)","decl":{"start":{"line":368,"column":22},"end":{"line":368,"column":27}},"loc":{"start":{"line":368,"column":27},"end":{"line":371,"column":7}},"line":368},"50":{"name":"(anonymous_50)","decl":{"start":{"line":376,"column":32},"end":{"line":376,"column":38}},"loc":{"start":{"line":376,"column":38},"end":{"line":411,"column":5}},"line":376},"51":{"name":"(anonymous_51)","decl":{"start":{"line":381,"column":38},"end":{"line":381,"column":49}},"loc":{"start":{"line":381,"column":49},"end":{"line":409,"column":5}},"line":381},"52":{"name":"(anonymous_52)","decl":{"start":{"line":386,"column":22},"end":{"line":386,"column":23}},"loc":{"start":{"line":386,"column":34},"end":{"line":402,"column":7}},"line":386},"53":{"name":"(anonymous_53)","decl":{"start":{"line":406,"column":46},"end":{"line":406,"column":51}},"loc":{"start":{"line":406,"column":51},"end":{"line":406,"column":75}},"line":406},"54":{"name":"(anonymous_54)","decl":{"start":{"line":413,"column":40},"end":{"line":413,"column":46}},"loc":{"start":{"line":413,"column":46},"end":{"line":423,"column":5}},"line":413},"55":{"name":"(anonymous_55)","decl":{"start":{"line":415,"column":26},"end":{"line":415,"column":34}},"loc":{"start":{"line":415,"column":34},"end":{"line":421,"column":5}},"line":415},"56":{"name":"(anonymous_56)","decl":{"start":{"line":417,"column":43},"end":{"line":417,"column":44}},"loc":{"start":{"line":417,"column":69},"end":{"line":420,"column":7}},"line":417},"57":{"name":"(anonymous_57)","decl":{"start":{"line":425,"column":26},"end":{"line":425,"column":27}},"loc":{"start":{"line":425,"column":65},"end":{"line":449,"column":null}},"line":425},"58":{"name":"(anonymous_58)","decl":{"start":{"line":430,"column":24},"end":{"line":430,"column":25}},"loc":{"start":{"line":430,"column":34},"end":{"line":446,"column":13}},"line":430},"59":{"name":"(anonymous_59)","decl":{"start":{"line":451,"column":26},"end":{"line":451,"column":27}},"loc":{"start":{"line":451,"column":114},"end":{"line":522,"column":null}},"line":451},"60":{"name":"(anonymous_60)","decl":{"start":{"line":460,"column":78},"end":{"line":460,"column":79}},"loc":{"start":{"line":460,"column":90},"end":{"line":460,"column":127}},"line":460},"61":{"name":"(anonymous_61)","decl":{"start":{"line":497,"column":29},"end":{"line":497,"column":30}},"loc":{"start":{"line":497,"column":36},"end":{"line":500,"column":null}},"line":497},"62":{"name":"(anonymous_62)","decl":{"start":{"line":559,"column":79},"end":{"line":559,"column":85}},"loc":{"start":{"line":559,"column":85},"end":{"line":559,"column":194}},"line":559},"63":{"name":"(anonymous_63)","decl":{"start":{"line":559,"column":116},"end":{"line":559,"column":121}},"loc":{"start":{"line":559,"column":121},"end":{"line":559,"column":125}},"line":559},"64":{"name":"(anonymous_64)","decl":{"start":{"line":559,"column":143},"end":{"line":559,"column":148}},"loc":{"start":{"line":559,"column":148},"end":{"line":559,"column":188}},"line":559},"65":{"name":"(anonymous_65)","decl":{"start":{"line":560,"column":98},"end":{"line":560,"column":99}},"loc":{"start":{"line":560,"column":105},"end":{"line":560,"column":217}},"line":560},"66":{"name":"(anonymous_66)","decl":{"start":{"line":565,"column":25},"end":{"line":565,"column":26}},"loc":{"start":{"line":565,"column":42},"end":{"line":676,"column":15}},"line":565},"67":{"name":"(anonymous_67)","decl":{"start":{"line":569,"column":39},"end":{"line":569,"column":null}},"loc":{"start":{"line":570,"column":18},"end":{"line":583,"column":null}},"line":570},"68":{"name":"(anonymous_68)","decl":{"start":{"line":571,"column":42},"end":{"line":571,"column":48}},"loc":{"start":{"line":571,"column":48},"end":{"line":571,"column":null}},"line":571},"69":{"name":"(anonymous_69)","decl":{"start":{"line":586,"column":40},"end":{"line":586,"column":null}},"loc":{"start":{"line":587,"column":18},"end":{"line":603,"column":null}},"line":587},"70":{"name":"(anonymous_70)","decl":{"start":{"line":590,"column":31},"end":{"line":590,"column":37}},"loc":{"start":{"line":590,"column":37},"end":{"line":590,"column":null}},"line":590},"71":{"name":"(anonymous_71)","decl":{"start":{"line":614,"column":31},"end":{"line":614,"column":37}},"loc":{"start":{"line":614,"column":37},"end":{"line":614,"column":null}},"line":614},"72":{"name":"(anonymous_72)","decl":{"start":{"line":630,"column":36},"end":{"line":630,"column":37}},"loc":{"start":{"line":630,"column":43},"end":{"line":630,"column":null}},"line":630},"73":{"name":"(anonymous_73)","decl":{"start":{"line":631,"column":37},"end":{"line":631,"column":38}},"loc":{"start":{"line":631,"column":44},"end":{"line":634,"column":null}},"line":631},"74":{"name":"(anonymous_74)","decl":{"start":{"line":636,"column":35},"end":{"line":636,"column":36}},"loc":{"start":{"line":636,"column":42},"end":{"line":636,"column":null}},"line":636},"75":{"name":"(anonymous_75)","decl":{"start":{"line":651,"column":79},"end":{"line":651,"column":80}},"loc":{"start":{"line":651,"column":86},"end":{"line":651,"column":139}},"line":651},"76":{"name":"(anonymous_76)","decl":{"start":{"line":651,"column":148},"end":{"line":651,"column":149}},"loc":{"start":{"line":651,"column":155},"end":{"line":651,"column":176}},"line":651},"77":{"name":"(anonymous_77)","decl":{"start":{"line":653,"column":60},"end":{"line":653,"column":61}},"loc":{"start":{"line":653,"column":67},"end":{"line":653,"column":131}},"line":653},"78":{"name":"(anonymous_78)","decl":{"start":{"line":657,"column":60},"end":{"line":657,"column":61}},"loc":{"start":{"line":657,"column":67},"end":{"line":657,"column":147}},"line":657},"79":{"name":"(anonymous_79)","decl":{"start":{"line":663,"column":33},"end":{"line":663,"column":34}},"loc":{"start":{"line":663,"column":40},"end":{"line":663,"column":null}},"line":663},"80":{"name":"(anonymous_80)","decl":{"start":{"line":693,"column":58},"end":{"line":693,"column":64}},"loc":{"start":{"line":693,"column":64},"end":{"line":693,"column":113}},"line":693},"81":{"name":"(anonymous_81)","decl":{"start":{"line":698,"column":67},"end":{"line":698,"column":68}},"loc":{"start":{"line":698,"column":102},"end":{"line":730,"column":25}},"line":698},"82":{"name":"(anonymous_82)","decl":{"start":{"line":702,"column":50},"end":{"line":702,"column":56}},"loc":{"start":{"line":702,"column":56},"end":{"line":702,"column":80}},"line":702},"83":{"name":"(anonymous_83)","decl":{"start":{"line":709,"column":70},"end":{"line":709,"column":71}},"loc":{"start":{"line":709,"column":93},"end":{"line":712,"column":49}},"line":709},"84":{"name":"(anonymous_84)","decl":{"start":{"line":718,"column":66},"end":{"line":718,"column":67}},"loc":{"start":{"line":719,"column":48},"end":{"line":724,"column":null}},"line":719},"85":{"name":"(anonymous_85)","decl":{"start":{"line":722,"column":120},"end":{"line":722,"column":121}},"loc":{"start":{"line":722,"column":136},"end":{"line":722,"column":202}},"line":722},"86":{"name":"(anonymous_86)","decl":{"start":{"line":747,"column":43},"end":{"line":747,"column":44}},"loc":{"start":{"line":748,"column":18},"end":{"line":765,"column":null}},"line":748},"87":{"name":"(anonymous_87)","decl":{"start":{"line":754,"column":78},"end":{"line":754,"column":84}},"loc":{"start":{"line":754,"column":84},"end":{"line":754,"column":null}},"line":754}},"branchMap":{"0":{"loc":{"start":{"line":68,"column":35},"end":{"line":68,"column":66}},"type":"binary-expr","locations":[{"start":{"line":68,"column":35},"end":{"line":68,"column":62}},{"start":{"line":68,"column":62},"end":{"line":68,"column":66}}],"line":68},"1":{"loc":{"start":{"line":76,"column":2},"end":{"line":78,"column":null}},"type":"if","locations":[{"start":{"line":76,"column":2},"end":{"line":78,"column":null}},{"start":{},"end":{}}],"line":76},"2":{"loc":{"start":{"line":84,"column":6},"end":{"line":124,"column":null}},"type":"if","locations":[{"start":{"line":84,"column":6},"end":{"line":124,"column":null}},{"start":{},"end":{}}],"line":84},"3":{"loc":{"start":{"line":88,"column":10},"end":{"line":123,"column":null}},"type":"if","locations":[{"start":{"line":88,"column":10},"end":{"line":123,"column":null}},{"start":{},"end":{}}],"line":88},"4":{"loc":{"start":{"line":95,"column":14},"end":{"line":122,"column":null}},"type":"if","locations":[{"start":{"line":95,"column":14},"end":{"line":122,"column":null}},{"start":{"line":112,"column":21},"end":{"line":122,"column":null}}],"line":95},"5":{"loc":{"start":{"line":95,"column":18},"end":{"line":95,"column":57}},"type":"binary-expr","locations":[{"start":{"line":95,"column":18},"end":{"line":95,"column":30}},{"start":{"line":95,"column":30},"end":{"line":95,"column":57}}],"line":95},"6":{"loc":{"start":{"line":98,"column":18},"end":{"line":111,"column":null}},"type":"if","locations":[{"start":{"line":98,"column":18},"end":{"line":111,"column":null}},{"start":{},"end":{}}],"line":98},"7":{"loc":{"start":{"line":103,"column":22},"end":{"line":110,"column":null}},"type":"if","locations":[{"start":{"line":103,"column":22},"end":{"line":110,"column":null}},{"start":{},"end":{}}],"line":103},"8":{"loc":{"start":{"line":108,"column":43},"end":{"line":108,"column":null}},"type":"binary-expr","locations":[{"start":{"line":108,"column":43},"end":{"line":108,"column":58}},{"start":{"line":108,"column":58},"end":{"line":108,"column":null}}],"line":108},"9":{"loc":{"start":{"line":114,"column":18},"end":{"line":121,"column":null}},"type":"if","locations":[{"start":{"line":114,"column":18},"end":{"line":121,"column":null}},{"start":{},"end":{}}],"line":114},"10":{"loc":{"start":{"line":119,"column":39},"end":{"line":119,"column":null}},"type":"binary-expr","locations":[{"start":{"line":119,"column":39},"end":{"line":119,"column":51}},{"start":{"line":119,"column":51},"end":{"line":119,"column":null}}],"line":119},"11":{"loc":{"start":{"line":152,"column":6},"end":{"line":154,"column":null}},"type":"cond-expr","locations":[{"start":{"line":153,"column":10},"end":{"line":153,"column":null}},{"start":{"line":154,"column":10},"end":{"line":154,"column":null}}],"line":152},"12":{"loc":{"start":{"line":160,"column":4},"end":{"line":164,"column":null}},"type":"if","locations":[{"start":{"line":160,"column":4},"end":{"line":164,"column":null}},{"start":{"line":162,"column":11},"end":{"line":164,"column":null}}],"line":160},"13":{"loc":{"start":{"line":172,"column":10},"end":{"line":172,"column":null}},"type":"if","locations":[{"start":{"line":172,"column":10},"end":{"line":172,"column":null}},{"start":{},"end":{}}],"line":172},"14":{"loc":{"start":{"line":177,"column":14},"end":{"line":177,"column":null}},"type":"if","locations":[{"start":{"line":177,"column":14},"end":{"line":177,"column":null}},{"start":{},"end":{}}],"line":177},"15":{"loc":{"start":{"line":200,"column":6},"end":{"line":202,"column":null}},"type":"if","locations":[{"start":{"line":200,"column":6},"end":{"line":202,"column":null}},{"start":{},"end":{}}],"line":200},"16":{"loc":{"start":{"line":200,"column":10},"end":{"line":200,"column":92}},"type":"binary-expr","locations":[{"start":{"line":200,"column":10},"end":{"line":200,"column":33}},{"start":{"line":200,"column":33},"end":{"line":200,"column":92}}],"line":200},"17":{"loc":{"start":{"line":236,"column":8},"end":{"line":250,"column":null}},"type":"if","locations":[{"start":{"line":236,"column":8},"end":{"line":250,"column":null}},{"start":{"line":242,"column":15},"end":{"line":250,"column":null}}],"line":236},"18":{"loc":{"start":{"line":265,"column":4},"end":{"line":265,"column":null}},"type":"if","locations":[{"start":{"line":265,"column":4},"end":{"line":265,"column":null}},{"start":{},"end":{}}],"line":265},"19":{"loc":{"start":{"line":268,"column":4},"end":{"line":270,"column":null}},"type":"if","locations":[{"start":{"line":268,"column":4},"end":{"line":270,"column":null}},{"start":{},"end":{}}],"line":268},"20":{"loc":{"start":{"line":268,"column":8},"end":{"line":268,"column":81}},"type":"binary-expr","locations":[{"start":{"line":268,"column":8},"end":{"line":268,"column":40}},{"start":{"line":268,"column":40},"end":{"line":268,"column":81}}],"line":268},"21":{"loc":{"start":{"line":272,"column":4},"end":{"line":286,"column":null}},"type":"if","locations":[{"start":{"line":272,"column":4},"end":{"line":286,"column":null}},{"start":{"line":277,"column":11},"end":{"line":286,"column":null}}],"line":272},"22":{"loc":{"start":{"line":282,"column":6},"end":{"line":285,"column":null}},"type":"if","locations":[{"start":{"line":282,"column":6},"end":{"line":285,"column":null}},{"start":{},"end":{}}],"line":282},"23":{"loc":{"start":{"line":283,"column":75},"end":{"line":283,"column":113}},"type":"cond-expr","locations":[{"start":{"line":283,"column":99},"end":{"line":283,"column":106}},{"start":{"line":283,"column":106},"end":{"line":283,"column":113}}],"line":283},"24":{"loc":{"start":{"line":301,"column":4},"end":{"line":304,"column":null}},"type":"if","locations":[{"start":{"line":301,"column":4},"end":{"line":304,"column":null}},{"start":{},"end":{}}],"line":301},"25":{"loc":{"start":{"line":315,"column":4},"end":{"line":317,"column":null}},"type":"if","locations":[{"start":{"line":315,"column":4},"end":{"line":317,"column":null}},{"start":{},"end":{}}],"line":315},"26":{"loc":{"start":{"line":315,"column":8},"end":{"line":315,"column":82}},"type":"binary-expr","locations":[{"start":{"line":315,"column":8},"end":{"line":315,"column":41}},{"start":{"line":315,"column":41},"end":{"line":315,"column":82}}],"line":315},"27":{"loc":{"start":{"line":322,"column":4},"end":{"line":324,"column":null}},"type":"if","locations":[{"start":{"line":322,"column":4},"end":{"line":324,"column":null}},{"start":{},"end":{}}],"line":322},"28":{"loc":{"start":{"line":332,"column":4},"end":{"line":342,"column":null}},"type":"if","locations":[{"start":{"line":332,"column":4},"end":{"line":342,"column":null}},{"start":{"line":339,"column":11},"end":{"line":342,"column":null}}],"line":332},"29":{"loc":{"start":{"line":333,"column":6},"end":{"line":338,"column":null}},"type":"if","locations":[{"start":{"line":333,"column":6},"end":{"line":338,"column":null}},{"start":{"line":336,"column":13},"end":{"line":338,"column":null}}],"line":333},"30":{"loc":{"start":{"line":354,"column":12},"end":{"line":354,"column":null}},"type":"if","locations":[{"start":{"line":354,"column":12},"end":{"line":354,"column":null}},{"start":{},"end":{}}],"line":354},"31":{"loc":{"start":{"line":383,"column":6},"end":{"line":383,"column":null}},"type":"if","locations":[{"start":{"line":383,"column":6},"end":{"line":383,"column":null}},{"start":{},"end":{}}],"line":383},"32":{"loc":{"start":{"line":383,"column":10},"end":{"line":383,"column":44}},"type":"binary-expr","locations":[{"start":{"line":383,"column":10},"end":{"line":383,"column":22}},{"start":{"line":383,"column":22},"end":{"line":383,"column":44}}],"line":383},"33":{"loc":{"start":{"line":390,"column":8},"end":{"line":396,"column":null}},"type":"if","locations":[{"start":{"line":390,"column":8},"end":{"line":396,"column":null}},{"start":{"line":392,"column":15},"end":{"line":396,"column":null}}],"line":390},"34":{"loc":{"start":{"line":390,"column":12},"end":{"line":390,"column":73}},"type":"binary-expr","locations":[{"start":{"line":390,"column":12},"end":{"line":390,"column":34}},{"start":{"line":390,"column":34},"end":{"line":390,"column":55}},{"start":{"line":390,"column":55},"end":{"line":390,"column":73}}],"line":390},"35":{"loc":{"start":{"line":394,"column":12},"end":{"line":395,"column":null}},"type":"if","locations":[{"start":{"line":394,"column":12},"end":{"line":395,"column":null}},{"start":{"line":395,"column":17},"end":{"line":395,"column":null}}],"line":394},"36":{"loc":{"start":{"line":394,"column":16},"end":{"line":394,"column":51}},"type":"binary-expr","locations":[{"start":{"line":394,"column":16},"end":{"line":394,"column":35}},{"start":{"line":394,"column":35},"end":{"line":394,"column":51}}],"line":394},"37":{"loc":{"start":{"line":397,"column":8},"end":{"line":400,"column":null}},"type":"if","locations":[{"start":{"line":397,"column":8},"end":{"line":400,"column":null}},{"start":{},"end":{}}],"line":397},"38":{"loc":{"start":{"line":399,"column":41},"end":{"line":399,"column":null}},"type":"binary-expr","locations":[{"start":{"line":399,"column":41},"end":{"line":399,"column":55}},{"start":{"line":399,"column":55},"end":{"line":399,"column":null}}],"line":399},"39":{"loc":{"start":{"line":403,"column":6},"end":{"line":403,"column":null}},"type":"if","locations":[{"start":{"line":403,"column":6},"end":{"line":403,"column":null}},{"start":{},"end":{}}],"line":403},"40":{"loc":{"start":{"line":403,"column":10},"end":{"line":403,"column":72}},"type":"binary-expr","locations":[{"start":{"line":403,"column":10},"end":{"line":403,"column":33}},{"start":{"line":403,"column":33},"end":{"line":403,"column":72}}],"line":403},"41":{"loc":{"start":{"line":404,"column":6},"end":{"line":408,"column":null}},"type":"if","locations":[{"start":{"line":404,"column":6},"end":{"line":408,"column":null}},{"start":{},"end":{}}],"line":404},"42":{"loc":{"start":{"line":416,"column":27},"end":{"line":416,"column":null}},"type":"binary-expr","locations":[{"start":{"line":416,"column":27},"end":{"line":416,"column":51}},{"start":{"line":416,"column":51},"end":{"line":416,"column":null}}],"line":416},"43":{"loc":{"start":{"line":418,"column":8},"end":{"line":418,"column":null}},"type":"if","locations":[{"start":{"line":418,"column":8},"end":{"line":418,"column":null}},{"start":{},"end":{}}],"line":418},"44":{"loc":{"start":{"line":426,"column":4},"end":{"line":426,"column":null}},"type":"if","locations":[{"start":{"line":426,"column":4},"end":{"line":426,"column":null}},{"start":{},"end":{}}],"line":426},"45":{"loc":{"start":{"line":434,"column":16},"end":{"line":440,"column":null}},"type":"if","locations":[{"start":{"line":434,"column":16},"end":{"line":440,"column":null}},{"start":{},"end":{}}],"line":434},"46":{"loc":{"start":{"line":437,"column":20},"end":{"line":439,"column":null}},"type":"if","locations":[{"start":{"line":437,"column":20},"end":{"line":439,"column":null}},{"start":{},"end":{}}],"line":437},"47":{"loc":{"start":{"line":442,"column":53},"end":{"line":442,"column":122}},"type":"cond-expr","locations":[{"start":{"line":442,"column":77},"end":{"line":442,"column":114}},{"start":{"line":442,"column":114},"end":{"line":442,"column":122}}],"line":442},"48":{"loc":{"start":{"line":454,"column":28},"end":{"line":454,"column":null}},"type":"binary-expr","locations":[{"start":{"line":454,"column":28},"end":{"line":454,"column":42}},{"start":{"line":454,"column":42},"end":{"line":454,"column":null}}],"line":454},"49":{"loc":{"start":{"line":457,"column":4},"end":{"line":458,"column":null}},"type":"if","locations":[{"start":{"line":457,"column":4},"end":{"line":458,"column":null}},{"start":{"line":457,"column":40},"end":{"line":458,"column":null}}],"line":457},"50":{"loc":{"start":{"line":457,"column":40},"end":{"line":458,"column":null}},"type":"if","locations":[{"start":{"line":457,"column":40},"end":{"line":458,"column":null}},{"start":{},"end":{}}],"line":457},"51":{"loc":{"start":{"line":462,"column":21},"end":{"line":463,"column":null}},"type":"binary-expr","locations":[{"start":{"line":462,"column":21},"end":{"line":462,"column":null}},{"start":{"line":463,"column":21},"end":{"line":463,"column":null}}],"line":462},"52":{"loc":{"start":{"line":474,"column":29},"end":{"line":482,"column":null}},"type":"binary-expr","locations":[{"start":{"line":474,"column":29},"end":{"line":474,"column":57}},{"start":{"line":474,"column":35},"end":{"line":479,"column":null}},{"start":{"line":480,"column":32},"end":{"line":482,"column":null}}],"line":474},"53":{"loc":{"start":{"line":485,"column":25},"end":{"line":488,"column":null}},"type":"binary-expr","locations":[{"start":{"line":485,"column":25},"end":{"line":485,"column":null}},{"start":{"line":486,"column":28},"end":{"line":488,"column":null}}],"line":485},"54":{"loc":{"start":{"line":501,"column":27},"end":{"line":501,"column":null}},"type":"cond-expr","locations":[{"start":{"line":501,"column":38},"end":{"line":501,"column":50}},{"start":{"line":501,"column":50},"end":{"line":501,"column":null}}],"line":501},"55":{"loc":{"start":{"line":504,"column":21},"end":{"line":504,"column":null}},"type":"cond-expr","locations":[{"start":{"line":504,"column":32},"end":{"line":504,"column":63}},{"start":{"line":504,"column":63},"end":{"line":504,"column":null}}],"line":504},"56":{"loc":{"start":{"line":510,"column":21},"end":{"line":513,"column":null}},"type":"binary-expr","locations":[{"start":{"line":510,"column":21},"end":{"line":510,"column":null}},{"start":{"line":511,"column":24},"end":{"line":513,"column":null}}],"line":510},"57":{"loc":{"start":{"line":524,"column":23},"end":{"line":524,"column":null}},"type":"binary-expr","locations":[{"start":{"line":524,"column":23},"end":{"line":524,"column":42}},{"start":{"line":524,"column":42},"end":{"line":524,"column":null}}],"line":524},"58":{"loc":{"start":{"line":528,"column":12},"end":{"line":539,"column":null}},"type":"cond-expr","locations":[{"start":{"line":528,"column":27},"end":{"line":535,"column":12}},{"start":{"line":535,"column":12},"end":{"line":539,"column":null}}],"line":528},"59":{"loc":{"start":{"line":548,"column":9},"end":{"line":552,"column":null}},"type":"binary-expr","locations":[{"start":{"line":548,"column":9},"end":{"line":548,"column":null}},{"start":{"line":549,"column":10},"end":{"line":552,"column":null}}],"line":548},"60":{"loc":{"start":{"line":559,"column":17},"end":{"line":559,"column":null}},"type":"binary-expr","locations":[{"start":{"line":559,"column":17},"end":{"line":559,"column":34}},{"start":{"line":559,"column":34},"end":{"line":559,"column":null}}],"line":559},"61":{"loc":{"start":{"line":559,"column":148},"end":{"line":559,"column":188}},"type":"binary-expr","locations":[{"start":{"line":559,"column":148},"end":{"line":559,"column":170}},{"start":{"line":559,"column":170},"end":{"line":559,"column":188}}],"line":559},"62":{"loc":{"start":{"line":560,"column":143},"end":{"line":560,"column":214}},"type":"if","locations":[{"start":{"line":560,"column":143},"end":{"line":560,"column":214}},{"start":{},"end":{}}],"line":560},"63":{"loc":{"start":{"line":573,"column":33},"end":{"line":573,"column":null}},"type":"cond-expr","locations":[{"start":{"line":573,"column":42},"end":{"line":573,"column":59}},{"start":{"line":573,"column":59},"end":{"line":573,"column":null}}],"line":573},"64":{"loc":{"start":{"line":580,"column":25},"end":{"line":580,"column":null}},"type":"cond-expr","locations":[{"start":{"line":580,"column":34},"end":{"line":580,"column":49}},{"start":{"line":580,"column":49},"end":{"line":580,"column":null}}],"line":580},"65":{"loc":{"start":{"line":619,"column":35},"end":{"line":619,"column":null}},"type":"cond-expr","locations":[{"start":{"line":619,"column":48},"end":{"line":619,"column":68}},{"start":{"line":619,"column":68},"end":{"line":619,"column":null}}],"line":619},"66":{"loc":{"start":{"line":620,"column":48},"end":{"line":620,"column":96}},"type":"cond-expr","locations":[{"start":{"line":620,"column":61},"end":{"line":620,"column":81}},{"start":{"line":620,"column":81},"end":{"line":620,"column":96}}],"line":620},"67":{"loc":{"start":{"line":622,"column":35},"end":{"line":622,"column":null}},"type":"cond-expr","locations":[{"start":{"line":622,"column":44},"end":{"line":622,"column":50}},{"start":{"line":622,"column":50},"end":{"line":622,"column":null}}],"line":622},"68":{"loc":{"start":{"line":626,"column":21},"end":{"line":648,"column":null}},"type":"cond-expr","locations":[{"start":{"line":627,"column":24},"end":{"line":639,"column":null}},{"start":{"line":641,"column":22},"end":{"line":648,"column":null}}],"line":626},"69":{"loc":{"start":{"line":632,"column":30},"end":{"line":632,"column":null}},"type":"if","locations":[{"start":{"line":632,"column":30},"end":{"line":632,"column":null}},{"start":{},"end":{}}],"line":632},"70":{"loc":{"start":{"line":633,"column":30},"end":{"line":633,"column":null}},"type":"if","locations":[{"start":{"line":633,"column":30},"end":{"line":633,"column":null}},{"start":{},"end":{}}],"line":633},"71":{"loc":{"start":{"line":645,"column":48},"end":{"line":645,"column":81}},"type":"cond-expr","locations":[{"start":{"line":645,"column":57},"end":{"line":645,"column":74}},{"start":{"line":645,"column":74},"end":{"line":645,"column":81}}],"line":645},"72":{"loc":{"start":{"line":652,"column":23},"end":{"line":659,"column":null}},"type":"cond-expr","locations":[{"start":{"line":653,"column":26},"end":{"line":655,"column":null}},{"start":{"line":657,"column":26},"end":{"line":659,"column":null}}],"line":652},"73":{"loc":{"start":{"line":678,"column":13},"end":{"line":678,"column":null}},"type":"binary-expr","locations":[{"start":{"line":678,"column":13},"end":{"line":678,"column":35}},{"start":{"line":678,"column":35},"end":{"line":678,"column":null}}],"line":678},"74":{"loc":{"start":{"line":685,"column":11},"end":{"line":733,"column":null}},"type":"binary-expr","locations":[{"start":{"line":685,"column":11},"end":{"line":685,"column":null}},{"start":{"line":686,"column":12},"end":{"line":733,"column":null}}],"line":685},"75":{"loc":{"start":{"line":689,"column":25},"end":{"line":689,"column":null}},"type":"cond-expr","locations":[{"start":{"line":689,"column":54},"end":{"line":689,"column":108}},{"start":{"line":689,"column":108},"end":{"line":689,"column":null}}],"line":689},"76":{"loc":{"start":{"line":692,"column":105},"end":{"line":692,"column":207}},"type":"cond-expr","locations":[{"start":{"line":692,"column":175},"end":{"line":692,"column":192}},{"start":{"line":692,"column":192},"end":{"line":692,"column":207}}],"line":692},"77":{"loc":{"start":{"line":696,"column":17},"end":{"line":731,"column":null}},"type":"cond-expr","locations":[{"start":{"line":696,"column":34},"end":{"line":696,"column":136}},{"start":{"line":696,"column":136},"end":{"line":731,"column":null}}],"line":696},"78":{"loc":{"start":{"line":696,"column":136},"end":{"line":731,"column":null}},"type":"cond-expr","locations":[{"start":{"line":696,"column":186},"end":{"line":696,"column":null}},{"start":{"line":697,"column":20},"end":{"line":731,"column":null}}],"line":696},"79":{"loc":{"start":{"line":703,"column":87},"end":{"line":703,"column":166}},"type":"cond-expr","locations":[{"start":{"line":703,"column":100},"end":{"line":703,"column":134}},{"start":{"line":703,"column":134},"end":{"line":703,"column":166}}],"line":703},"80":{"loc":{"start":{"line":706,"column":37},"end":{"line":714,"column":null}},"type":"binary-expr","locations":[{"start":{"line":706,"column":37},"end":{"line":706,"column":null}},{"start":{"line":707,"column":40},"end":{"line":714,"column":null}}],"line":706},"81":{"loc":{"start":{"line":711,"column":59},"end":{"line":711,"column":null}},"type":"cond-expr","locations":[{"start":{"line":711,"column":71},"end":{"line":711,"column":139}},{"start":{"line":711,"column":139},"end":{"line":711,"column":null}}],"line":711},"82":{"loc":{"start":{"line":719,"column":77},"end":{"line":719,"column":114}},"type":"cond-expr","locations":[{"start":{"line":719,"column":107},"end":{"line":719,"column":111}},{"start":{"line":719,"column":111},"end":{"line":719,"column":114}}],"line":719},"83":{"loc":{"start":{"line":719,"column":118},"end":{"line":719,"column":155}},"type":"cond-expr","locations":[{"start":{"line":719,"column":148},"end":{"line":719,"column":152}},{"start":{"line":719,"column":152},"end":{"line":719,"column":155}}],"line":719},"84":{"loc":{"start":{"line":719,"column":167},"end":{"line":719,"column":219}},"type":"cond-expr","locations":[{"start":{"line":719,"column":197},"end":{"line":719,"column":211}},{"start":{"line":719,"column":211},"end":{"line":719,"column":219}}],"line":719},"85":{"loc":{"start":{"line":720,"column":53},"end":{"line":720,"column":null}},"type":"binary-expr","locations":[{"start":{"line":720,"column":53},"end":{"line":720,"column":81}},{"start":{"line":720,"column":81},"end":{"line":720,"column":null}}],"line":720},"86":{"loc":{"start":{"line":722,"column":58},"end":{"line":722,"column":116}},"type":"cond-expr","locations":[{"start":{"line":722,"column":85},"end":{"line":722,"column":107}},{"start":{"line":722,"column":107},"end":{"line":722,"column":116}}],"line":722},"87":{"loc":{"start":{"line":736,"column":11},"end":{"line":768,"column":null}},"type":"binary-expr","locations":[{"start":{"line":736,"column":11},"end":{"line":736,"column":28}},{"start":{"line":736,"column":28},"end":{"line":736,"column":null}},{"start":{"line":737,"column":12},"end":{"line":768,"column":null}}],"line":736},"88":{"loc":{"start":{"line":742,"column":19},"end":{"line":742,"column":null}},"type":"binary-expr","locations":[{"start":{"line":742,"column":19},"end":{"line":742,"column":48}},{"start":{"line":742,"column":48},"end":{"line":742,"column":null}}],"line":742},"89":{"loc":{"start":{"line":753,"column":33},"end":{"line":757,"column":null}},"type":"binary-expr","locations":[{"start":{"line":753,"column":33},"end":{"line":753,"column":null}},{"start":{"line":754,"column":36},"end":{"line":757,"column":null}}],"line":753},"90":{"loc":{"start":{"line":754,"column":98},"end":{"line":754,"column":125}},"type":"cond-expr","locations":[{"start":{"line":754,"column":117},"end":{"line":754,"column":124}},{"start":{"line":754,"column":124},"end":{"line":754,"column":125}}],"line":754},"91":{"loc":{"start":{"line":756,"column":41},"end":{"line":756,"column":null}},"type":"binary-expr","locations":[{"start":{"line":756,"column":41},"end":{"line":756,"column":61}},{"start":{"line":756,"column":61},"end":{"line":756,"column":null}}],"line":756}},"s":{"0":1,"1":1,"2":0,"3":0,"4":0,"5":1,"6":0,"7":0,"8":0,"9":0,"10":0,"11":0,"12":0,"13":0,"14":0,"15":0,"16":0,"17":0,"18":0,"19":0,"20":0,"21":0,"22":0,"23":0,"24":0,"25":0,"26":0,"27":0,"28":0,"29":0,"30":0,"31":0,"32":0,"33":0,"34":0,"35":1,"36":2,"37":2,"38":2,"39":2,"40":2,"41":2,"42":2,"43":2,"44":2,"45":2,"46":1,"47":2,"48":2,"49":2,"50":2,"51":2,"52":2,"53":0,"54":0,"55":0,"56":2,"57":0,"58":0,"59":0,"60":0,"61":2,"62":2,"63":2,"64":0,"65":0,"66":0,"67":0,"68":0,"69":0,"70":0,"71":0,"72":0,"73":0,"74":0,"75":2,"76":2,"77":1,"78":1,"79":1,"80":1,"81":0,"82":0,"83":1,"84":1,"85":2,"86":1,"87":0,"88":0,"89":1,"90":1,"91":1,"92":2,"93":1,"94":1,"95":2,"96":1,"97":1,"98":1,"99":1,"100":1,"101":1,"102":0,"103":2,"104":1,"105":1,"106":2,"107":0,"108":0,"109":0,"110":0,"111":0,"112":0,"113":0,"114":0,"115":0,"116":0,"117":0,"118":2,"119":0,"120":0,"121":0,"122":0,"123":0,"124":0,"125":0,"126":0,"127":0,"128":0,"129":0,"130":0,"131":0,"132":0,"133":0,"134":0,"135":0,"136":0,"137":0,"138":0,"139":0,"140":0,"141":2,"142":0,"143":0,"144":0,"145":0,"146":0,"147":0,"148":0,"149":0,"150":0,"151":2,"152":0,"153":0,"154":0,"155":2,"156":0,"157":0,"158":2,"159":0,"160":0,"161":0,"162":0,"163":0,"164":0,"165":0,"166":0,"167":0,"168":0,"169":0,"170":0,"171":2,"172":0,"173":0,"174":0,"175":0,"176":0,"177":0,"178":0,"179":0,"180":0,"181":0,"182":0,"183":0,"184":0,"185":0,"186":0,"187":0,"188":0,"189":0,"190":0,"191":0,"192":0,"193":0,"194":0,"195":0,"196":0,"197":0,"198":2,"199":2,"200":2,"201":1,"202":1,"203":1,"204":2,"205":2,"206":2,"207":2,"208":2,"209":2,"210":1,"211":1,"212":0,"213":1,"214":1,"215":1,"216":1,"217":1,"218":1,"219":1,"220":0,"221":1,"222":1,"223":0,"224":1,"225":1,"226":0,"227":0,"228":1,"229":1,"230":0,"231":1,"232":1,"233":1,"234":1,"235":1,"236":2,"237":2,"238":2,"239":2,"240":0,"241":0,"242":0,"243":0,"244":0,"245":2,"246":2,"247":0,"248":0,"249":0,"250":0,"251":0,"252":0,"253":0,"254":0,"255":0,"256":0,"257":0,"258":0,"259":0,"260":2,"261":0,"262":0,"263":0,"264":0,"265":0,"266":0,"267":0,"268":0,"269":0,"270":0,"271":0,"272":0,"273":0,"274":0,"275":2,"276":2,"277":0,"278":0,"279":0,"280":0,"281":0,"282":0,"283":0,"284":0,"285":1,"286":1,"287":1,"288":1,"289":0,"290":1,"291":1,"292":0,"293":1,"294":0,"295":0,"296":0,"297":0,"298":0,"299":0,"300":0,"301":0,"302":0,"303":0,"304":0,"305":0,"306":0,"307":0,"308":0,"309":0,"310":0,"311":0,"312":0,"313":0,"314":0,"315":0,"316":0,"317":0,"318":0,"319":1,"320":0},"f":{"0":0,"1":0,"2":0,"3":0,"4":2,"5":2,"6":1,"7":0,"8":0,"9":0,"10":0,"11":2,"12":0,"13":0,"14":0,"15":1,"16":0,"17":0,"18":1,"19":1,"20":0,"21":1,"22":1,"23":1,"24":1,"25":1,"26":0,"27":0,"28":0,"29":0,"30":0,"31":0,"32":0,"33":0,"34":0,"35":0,"36":0,"37":0,"38":0,"39":0,"40":0,"41":0,"42":0,"43":0,"44":0,"45":0,"46":0,"47":2,"48":1,"49":1,"50":2,"51":1,"52":1,"53":1,"54":2,"55":0,"56":0,"57":0,"58":0,"59":0,"60":0,"61":0,"62":0,"63":0,"64":0,"65":0,"66":1,"67":1,"68":0,"69":1,"70":0,"71":0,"72":0,"73":0,"74":0,"75":0,"76":0,"77":0,"78":0,"79":0,"80":0,"81":0,"82":0,"83":0,"84":0,"85":0,"86":1,"87":0},"b":{"0":[0,0],"1":[0,0],"2":[0,0],"3":[0,0],"4":[0,0],"5":[0,0],"6":[0,0],"7":[0,0],"8":[0,0],"9":[0,0],"10":[0,0],"11":[0,0],"12":[0,0],"13":[0,0],"14":[0,0],"15":[0,0],"16":[0,0],"17":[0,0],"18":[0,0],"19":[0,0],"20":[0,0],"21":[0,0],"22":[0,0],"23":[0,0],"24":[0,0],"25":[0,0],"26":[0,0],"27":[0,0],"28":[0,0],"29":[0,0],"30":[0,0],"31":[0,1],"32":[1,1],"33":[0,1],"34":[1,1,1],"35":[0,1],"36":[1,1],"37":[0,1],"38":[0,0],"39":[0,1],"40":[1,1],"41":[1,0],"42":[0,0],"43":[0,0],"44":[0,0],"45":[0,0],"46":[0,0],"47":[0,0],"48":[0,0],"49":[0,0],"50":[0,0],"51":[0,0],"52":[0,0,0],"53":[0,0],"54":[0,0],"55":[0,0],"56":[0,0],"57":[2,1],"58":[1,1],"59":[2,0],"60":[2,0],"61":[0,0],"62":[0,0],"63":[0,1],"64":[0,1],"65":[0,1],"66":[0,1],"67":[0,1],"68":[0,1],"69":[0,0],"70":[0,0],"71":[0,1],"72":[0,1],"73":[2,1],"74":[2,0],"75":[0,0],"76":[0,0],"77":[0,0],"78":[0,0],"79":[0,0],"80":[0,0],"81":[0,0],"82":[0,0],"83":[0,0],"84":[0,0],"85":[0,0],"86":[0,0],"87":[2,1,1],"88":[1,0],"89":[1,0],"90":[0,0],"91":[0,0]},"meta":{"lastBranch":92,"lastFunction":88,"lastStatement":321,"seen":{"s:41:6:41:Infinity":0,"s:62:17:69:Infinity":1,"f:62:17:62:18":0,"s:63:38:67:Infinity":2,"s:68:2:68:Infinity":3,"f:68:27:68:35":1,"s:68:35:68:66":4,"b:68:35:68:62:68:62:68:66":0,"s:71:27:128:Infinity":5,"f:71:27:71:28":2,"s:72:20:72:Infinity":6,"s:73:24:73:Infinity":7,"s:74:19:74:Infinity":8,"b:76:2:78:Infinity:undefined:undefined:undefined:undefined":1,"s:76:2:78:Infinity":9,"s:77:6:77:Infinity":10,"s:80:20:80:Infinity":11,"s:82:2:125:Infinity":12,"f:82:20:82:33":3,"s:83:20:83:Infinity":13,"b:84:6:124:Infinity:undefined:undefined:undefined:undefined":2,"s:84:6:124:Infinity":14,"s:85:27:85:Infinity":15,"s:86:29:86:Infinity":16,"b:88:10:123:Infinity:undefined:undefined:undefined:undefined":3,"s:88:10:123:Infinity":17,"s:89:33:89:Infinity":18,"s:90:31:90:Infinity":19,"s:91:31:91:Infinity":20,"s:93:33:93:Infinity":21,"b:95:14:122:Infinity:112:21:122:Infinity":4,"s:95:14:122:Infinity":22,"b:95:18:95:30:95:30:95:57":5,"s:96:38:96:Infinity":23,"s:97:38:97:Infinity":24,"b:98:18:111:Infinity:undefined:undefined:undefined:undefined":6,"s:98:18:111:Infinity":25,"s:99:42:99:Infinity":26,"s:100:40:100:Infinity":27,"s:101:22:101:Infinity":28,"b:103:22:110:Infinity:undefined:undefined:undefined:undefined":7,"s:103:22:110:Infinity":29,"s:104:26:109:Infinity":30,"b:108:43:108:58:108:58:108:Infinity":8,"s:113:39:113:Infinity":31,"b:114:18:121:Infinity:undefined:undefined:undefined:undefined":9,"s:114:18:121:Infinity":32,"s:115:22:120:Infinity":33,"b:119:39:119:51:119:51:119:Infinity":10,"s:127:2:127:Infinity":34,"s:130:25:774:Infinity":35,"f:130:25:130:31":4,"s:131:12:131:Infinity":36,"s:133:24:133:Infinity":37,"s:134:38:134:Infinity":38,"s:135:38:135:Infinity":39,"s:136:38:136:Infinity":40,"s:137:34:137:Infinity":41,"s:139:40:139:Infinity":42,"s:140:44:140:Infinity":43,"s:141:8:141:Infinity":44,"f:141:32:141:38":5,"s:141:38:141:89":45,"f:141:51:141:56":6,"s:141:56:141:86":46,"s:143:36:143:Infinity":47,"s:144:42:144:Infinity":48,"s:145:42:145:Infinity":49,"s:147:32:147:Infinity":50,"s:148:36:148:Infinity":51,"s:150:22:156:Infinity":52,"f:150:22:150:23":7,"s:151:4:155:Infinity":53,"f:151:22:151:Infinity":8,"s:152:6:154:Infinity":54,"b:153:10:153:Infinity:154:10:154:Infinity":11,"f:153:22:153:27":9,"s:153:27:153:42":55,"s:158:26:165:Infinity":56,"f:158:26:158:32":10,"s:159:26:159:Infinity":57,"b:160:4:164:Infinity:162:11:164:Infinity":12,"s:160:4:164:Infinity":58,"s:161:6:161:Infinity":59,"s:163:6:163:Infinity":60,"s:167:8:182:Infinity":61,"f:167:35:167:41":11,"s:168:43:168:Infinity":62,"s:169:6:180:Infinity":63,"f:169:42:169:43":12,"s:170:25:170:Infinity":64,"s:171:23:171:Infinity":65,"f:171:34:171:39":13,"s:171:39:171:54":66,"b:172:10:172:Infinity:undefined:undefined:undefined:undefined":13,"s:172:10:172:Infinity":67,"s:172:21:172:Infinity":68,"s:174:20:174:Infinity":69,"s:175:10:178:Infinity":70,"f:175:53:175:58":14,"s:176:32:176:Infinity":71,"b:177:14:177:Infinity:undefined:undefined:undefined:undefined":14,"s:177:14:177:Infinity":72,"s:177:31:177:Infinity":73,"s:179:10:179:Infinity":74,"s:181:6:181:Infinity":75,"s:184:2:196:Infinity":76,"f:184:12:184:18":15,"s:185:4:185:Infinity":77,"s:186:4:186:Infinity":78,"s:187:4:187:Infinity":79,"s:189:4:191:Infinity":80,"f:189:25:189:26":16,"s:190:6:190:Infinity":81,"f:190:22:190:31":17,"s:190:31:190:73":82,"s:193:4:195:Infinity":83,"f:193:11:193:17":18,"s:194:6:194:Infinity":84,"s:198:2:209:Infinity":85,"f:198:12:198:18":19,"s:199:31:203:Infinity":86,"f:199:31:199:32":20,"b:200:6:202:Infinity:undefined:undefined:undefined:undefined":15,"s:200:6:202:Infinity":87,"b:200:10:200:33:200:33:200:92":16,"s:201:8:201:Infinity":88,"s:205:4:205:Infinity":89,"s:206:4:208:Infinity":90,"f:206:11:206:17":21,"s:207:6:207:Infinity":91,"s:211:28:214:Infinity":92,"f:211:28:211:40":22,"s:212:16:212:Infinity":93,"s:213:4:213:Infinity":94,"s:216:26:227:Infinity":95,"f:216:26:216:38":23,"s:217:4:226:Infinity":96,"s:218:18:218:Infinity":97,"s:219:47:219:Infinity":98,"s:220:6:222:Infinity":99,"f:220:39:220:40":24,"s:221:8:221:Infinity":100,"s:223:6:223:Infinity":101,"s:225:6:225:Infinity":102,"s:229:20:232:Infinity":103,"f:229:20:229:32":25,"s:230:16:230:Infinity":104,"s:231:4:231:Infinity":105,"s:234:24:262:Infinity":106,"f:234:24:234:31":26,"s:235:4:261:Infinity":107,"b:236:8:250:Infinity:242:15:250:Infinity":17,"s:236:8:250:Infinity":108,"s:238:12:240:Infinity":109,"s:241:12:241:Infinity":110,"s:244:12:248:Infinity":111,"s:249:12:249:Infinity":112,"s:253:8:255:Infinity":113,"s:257:8:257:Infinity":114,"f:257:19:257:25":27,"s:257:25:257:48":115,"s:259:8:259:Infinity":116,"s:260:8:260:Infinity":117,"s:264:18:287:Infinity":118,"f:264:18:264:25":28,"b:265:4:265:Infinity:undefined:undefined:undefined:undefined":18,"s:265:4:265:Infinity":119,"s:265:15:265:Infinity":120,"s:266:19:266:Infinity":121,"s:267:28:267:Infinity":122,"b:268:4:270:Infinity:undefined:undefined:undefined:undefined":19,"s:268:4:270:Infinity":123,"b:268:8:268:40:268:40:268:81":20,"s:269:8:269:Infinity":124,"s:271:25:271:Infinity":125,"f:271:36:271:44":29,"s:271:44:271:98":126,"b:272:4:286:Infinity:277:11:286:Infinity":21,"s:272:4:286:Infinity":127,"s:273:26:273:Infinity":128,"s:274:6:274:Infinity":129,"s:275:6:275:Infinity":130,"s:276:6:276:Infinity":131,"f:276:17:276:23":30,"s:276:23:276:46":132,"s:278:6:278:Infinity":133,"s:279:22:279:Infinity":134,"s:280:26:280:Infinity":135,"s:281:6:281:Infinity":136,"b:282:6:285:Infinity:undefined:undefined:undefined:undefined":22,"s:282:6:285:Infinity":137,"s:283:26:283:Infinity":138,"f:283:45:283:46":31,"s:283:75:283:113":139,"b:283:99:283:106:283:106:283:113":23,"s:284:10:284:Infinity":140,"s:289:21:298:Infinity":141,"f:289:21:289:28":32,"s:290:4:290:Infinity":142,"f:290:23:290:31":33,"s:290:31:290:75":143,"f:290:43:290:57":34,"s:290:57:290:74":144,"s:291:4:295:Infinity":145,"f:291:19:291:27":35,"s:292:27:292:Infinity":146,"s:293:8:293:Infinity":147,"s:294:8:294:Infinity":148,"s:296:4:296:Infinity":149,"s:297:4:297:Infinity":150,"s:300:29:305:Infinity":151,"f:300:29:300:36":36,"b:301:4:304:Infinity:undefined:undefined:undefined:undefined":24,"s:301:4:304:Infinity":152,"s:302:6:302:Infinity":153,"s:303:6:303:Infinity":154,"s:307:25:310:Infinity":155,"f:307:25:307:32":37,"s:308:4:308:Infinity":156,"s:309:4:309:Infinity":157,"s:312:25:329:Infinity":158,"f:312:25:312:32":38,"s:313:20:313:Infinity":159,"s:314:28:314:Infinity":160,"b:315:4:317:Infinity:undefined:undefined:undefined:undefined":25,"s:315:4:317:Infinity":161,"b:315:8:315:41:315:41:315:82":26,"s:316:8:316:Infinity":162,"s:318:4:318:Infinity":163,"s:321:24:321:Infinity":164,"f:321:35:321:40":39,"s:321:40:321:51":165,"b:322:4:324:Infinity:undefined:undefined:undefined:undefined":27,"s:322:4:324:Infinity":166,"s:323:8:323:Infinity":167,"s:326:4:326:Infinity":168,"s:327:4:327:Infinity":169,"s:328:4:328:Infinity":170,"s:331:26:363:Infinity":171,"f:331:26:331:33":40,"b:332:4:342:Infinity:339:11:342:Infinity":28,"s:332:4:342:Infinity":172,"b:333:6:338:Infinity:336:13:338:Infinity":29,"s:333:6:338:Infinity":173,"s:334:8:334:Infinity":174,"f:334:27:334:35":41,"s:334:35:334:68":175,"f:334:47:334:53":42,"s:334:53:334:67":176,"s:335:8:335:Infinity":177,"s:337:8:337:Infinity":178,"f:337:27:337:35":43,"s:337:35:337:53":179,"s:340:6:340:Infinity":180,"s:341:6:341:Infinity":181,"s:344:4:344:Infinity":182,"s:345:4:362:Infinity":183,"s:346:20:346:Infinity":184,"s:347:30:351:Infinity":185,"f:347:49:347:50":44,"s:348:27:348:Infinity":186,"s:349:27:349:Infinity":187,"s:350:12:350:Infinity":188,"s:352:56:352:Infinity":189,"s:353:8:356:Infinity":190,"f:353:30:353:31":45,"b:354:12:354:Infinity:undefined:undefined:undefined:undefined":30,"s:354:12:354:Infinity":191,"s:354:46:354:Infinity":192,"s:355:12:355:Infinity":193,"s:357:8:357:Infinity":194,"f:357:23:357:32":46,"s:357:32:357:64":195,"s:359:8:359:Infinity":196,"s:361:8:361:Infinity":197,"s:365:8:374:Infinity":198,"f:365:38:365:44":47,"s:366:24:366:Infinity":199,"s:367:4:372:Infinity":200,"f:367:40:367:51":48,"s:368:6:371:Infinity":201,"f:368:22:368:27":49,"s:369:8:369:Infinity":202,"s:370:8:370:Infinity":203,"s:373:4:373:Infinity":204,"s:376:8:411:Infinity":205,"f:376:32:376:38":50,"s:377:24:377:Infinity":206,"s:378:22:378:Infinity":207,"s:379:26:379:Infinity":208,"s:381:4:409:Infinity":209,"f:381:38:381:49":51,"s:382:22:382:Infinity":210,"b:383:6:383:Infinity:undefined:undefined:undefined:undefined":31,"s:383:6:383:Infinity":211,"b:383:10:383:22:383:22:383:44":32,"s:383:44:383:Infinity":212,"s:384:25:384:Infinity":213,"s:385:25:385:Infinity":214,"s:386:6:402:Infinity":215,"f:386:22:386:23":52,"s:387:24:387:Infinity":216,"s:388:24:388:Infinity":217,"s:389:25:389:Infinity":218,"b:390:8:396:Infinity:392:15:396:Infinity":33,"s:390:8:396:Infinity":219,"b:390:12:390:34:390:34:390:55:390:55:390:73":34,"s:391:12:391:Infinity":220,"s:393:29:393:Infinity":221,"b:394:12:395:Infinity:395:17:395:Infinity":35,"s:394:12:395:Infinity":222,"b:394:16:394:35:394:35:394:51":36,"s:394:51:394:Infinity":223,"s:395:17:395:Infinity":224,"b:397:8:400:Infinity:undefined:undefined:undefined:undefined":37,"s:397:8:400:Infinity":225,"s:398:12:398:Infinity":226,"s:399:12:399:Infinity":227,"b:399:41:399:55:399:55:399:Infinity":38,"s:401:8:401:Infinity":228,"b:403:6:403:Infinity:undefined:undefined:undefined:undefined":39,"s:403:6:403:Infinity":229,"b:403:10:403:33:403:33:403:72":40,"s:403:72:403:Infinity":230,"b:404:6:408:Infinity:undefined:undefined:undefined:undefined":41,"s:404:6:408:Infinity":231,"s:405:8:405:Infinity":232,"s:406:28:406:Infinity":233,"f:406:46:406:51":53,"s:406:51:406:75":234,"s:407:8:407:Infinity":235,"s:410:4:410:Infinity":236,"s:413:8:423:Infinity":237,"f:413:40:413:46":54,"s:414:90:414:Infinity":238,"s:415:4:421:Infinity":239,"f:415:26:415:34":55,"s:416:27:416:Infinity":240,"b:416:27:416:51:416:51:416:Infinity":42,"s:417:6:420:Infinity":241,"f:417:43:417:44":56,"b:418:8:418:Infinity:undefined:undefined:undefined:undefined":43,"s:418:8:418:Infinity":242,"s:418:32:418:Infinity":243,"s:419:8:419:Infinity":244,"s:422:4:422:Infinity":245,"s:425:26:449:Infinity":246,"f:425:26:425:27":57,"b:426:4:426:Infinity:undefined:undefined:undefined:undefined":44,"s:426:4:426:Infinity":247,"s:426:16:426:Infinity":248,"s:427:19:427:Infinity":249,"s:428:4:447:Infinity":250,"f:430:24:430:25":58,"s:431:37:431:Infinity":251,"s:432:30:432:Infinity":252,"s:433:30:433:Infinity":253,"b:434:16:440:Infinity:undefined:undefined:undefined:undefined":45,"s:434:16:440:Infinity":254,"s:435:40:435:Infinity":255,"s:436:34:436:Infinity":256,"b:437:20:439:Infinity:undefined:undefined:undefined:undefined":46,"s:437:20:439:Infinity":257,"s:438:24:438:Infinity":258,"s:441:16:444:Infinity":259,"b:442:77:442:114:442:114:442:122":47,"s:451:26:522:Infinity":260,"f:451:26:451:27":59,"s:452:59:452:Infinity":261,"s:453:30:453:Infinity":262,"s:454:28:454:Infinity":263,"b:454:28:454:42:454:42:454:Infinity":48,"s:456:21:456:Infinity":264,"b:457:4:458:Infinity:457:40:458:Infinity":49,"s:457:4:458:Infinity":265,"s:457:27:457:Infinity":266,"b:457:40:458:Infinity:undefined:undefined:undefined:undefined":50,"s:457:40:458:Infinity":267,"s:458:30:458:Infinity":268,"s:460:37:460:Infinity":269,"f:460:78:460:79":60,"s:460:90:460:127":270,"s:462:21:463:Infinity":271,"b:462:21:462:Infinity:463:21:463:Infinity":51,"s:465:4:520:Infinity":272,"b:474:29:474:57:474:35:479:Infinity:480:32:482:Infinity":52,"b:485:25:485:Infinity:486:28:488:Infinity":53,"f:497:29:497:30":61,"s:498:24:498:Infinity":273,"s:499:24:499:Infinity":274,"b:501:38:501:50:501:50:501:Infinity":54,"b:504:32:504:63:504:63:504:Infinity":55,"b:510:21:510:Infinity:511:24:513:Infinity":56,"s:524:23:524:Infinity":275,"b:524:23:524:42:524:42:524:Infinity":57,"s:526:2:772:Infinity":276,"b:528:27:535:12:535:12:539:Infinity":58,"b:548:9:548:Infinity:549:10:552:Infinity":59,"b:559:17:559:34:559:34:559:Infinity":60,"f:559:79:559:85":62,"s:559:87:559:129":277,"f:559:116:559:121":63,"s:559:121:559:125":278,"s:559:129:559:191":279,"f:559:143:559:148":64,"s:559:148:559:188":280,"b:559:148:559:170:559:170:559:188":61,"f:560:98:560:99":65,"s:560:107:560:143":281,"b:560:143:560:214:undefined:undefined:undefined:undefined":62,"s:560:143:560:214":282,"s:560:168:560:192":283,"s:560:192:560:212":284,"f:565:25:565:26":66,"s:566:35:566:Infinity":285,"s:567:31:567:Infinity":286,"s:569:39:583:Infinity":287,"f:569:39:569:Infinity":67,"s:570:18:583:Infinity":288,"f:571:42:571:48":68,"s:571:48:571:Infinity":289,"b:573:42:573:59:573:59:573:Infinity":63,"b:580:34:580:49:580:49:580:Infinity":64,"s:586:40:603:Infinity":290,"f:586:40:586:Infinity":69,"s:587:18:603:Infinity":291,"f:590:31:590:37":70,"s:590:37:590:Infinity":292,"s:606:16:674:Infinity":293,"f:614:31:614:37":71,"s:614:37:614:Infinity":294,"b:619:48:619:68:619:68:619:Infinity":65,"b:620:61:620:81:620:81:620:96":66,"b:622:44:622:50:622:50:622:Infinity":67,"b:627:24:639:Infinity:641:22:648:Infinity":68,"f:630:36:630:37":72,"s:630:43:630:Infinity":295,"f:631:37:631:38":73,"b:632:30:632:Infinity:undefined:undefined:undefined:undefined":69,"s:632:30:632:Infinity":296,"s:632:53:632:Infinity":297,"b:633:30:633:Infinity:undefined:undefined:undefined:undefined":70,"s:633:30:633:Infinity":298,"s:633:54:633:Infinity":299,"f:636:35:636:36":74,"s:636:42:636:Infinity":300,"b:645:57:645:74:645:74:645:81":71,"f:651:79:651:80":75,"s:651:86:651:139":301,"f:651:148:651:149":76,"s:651:155:651:176":302,"b:653:26:655:Infinity:657:26:659:Infinity":72,"f:653:60:653:61":77,"s:653:69:653:90":303,"s:653:90:653:128":304,"f:657:60:657:61":78,"s:657:69:657:90":305,"s:657:90:657:113":306,"s:657:113:657:144":307,"f:663:33:663:34":79,"s:663:42:663:63":308,"s:663:63:663:84":309,"b:678:13:678:35:678:35:678:Infinity":73,"b:685:11:685:Infinity:686:12:733:Infinity":74,"b:689:54:689:108:689:108:689:Infinity":75,"b:692:175:692:192:692:192:692:207":76,"f:693:58:693:64":80,"s:693:66:693:90":310,"s:693:90:693:110":311,"b:696:34:696:136:696:136:731:Infinity":77,"b:696:186:696:Infinity:697:20:731:Infinity":78,"f:698:67:698:68":81,"s:699:47:699:Infinity":312,"s:700:28:728:Infinity":313,"f:702:50:702:56":82,"s:702:56:702:80":314,"b:703:100:703:134:703:134:703:166":79,"b:706:37:706:Infinity:707:40:714:Infinity":80,"f:709:70:709:71":83,"s:710:70:710:Infinity":315,"s:711:52:711:Infinity":316,"b:711:71:711:139:711:139:711:Infinity":81,"f:718:66:718:67":84,"s:719:48:724:Infinity":317,"b:719:107:719:111:719:111:719:114":82,"b:719:148:719:152:719:152:719:155":83,"b:719:197:719:211:719:211:719:219":84,"b:720:53:720:81:720:81:720:Infinity":85,"b:722:85:722:107:722:107:722:116":86,"f:722:120:722:121":85,"s:722:136:722:202":318,"b:736:11:736:28:736:28:736:Infinity:737:12:768:Infinity":87,"b:742:19:742:48:742:48:742:Infinity":88,"f:747:43:747:44":86,"s:748:18:765:Infinity":319,"b:753:33:753:Infinity:754:36:757:Infinity":89,"f:754:78:754:84":87,"s:754:84:754:Infinity":320,"b:754:117:754:124:754:124:754:125":90,"b:756:41:756:61:756:61:756:Infinity":91}}}
}
