{"/home/tal/GeminiCLIProjects/ShoppingList/client/src/components/ComparisonTable.tsx": {"path":"/home/tal/GeminiCLIProjects/ShoppingList/client/src/components/ComparisonTable.tsx","statementMap":{"0":{"start":{"line":44,"column":56},"end":{"line":221,"column":null}},"1":{"start":{"line":53,"column":12},"end":{"line":53,"column":null}},"2":{"start":{"line":55,"column":28},"end":{"line":58,"column":null}},"3":{"start":{"line":55,"column":62},"end":{"line":58,"column":null}},"4":{"start":{"line":56,"column":18},"end":{"line":56,"column":null}},"5":{"start":{"line":57,"column":4},"end":{"line":57,"column":null}},"6":{"start":{"line":60,"column":25},"end":{"line":68,"column":null}},"7":{"start":{"line":61,"column":19},"end":{"line":61,"column":null}},"8":{"start":{"line":62,"column":4},"end":{"line":62,"column":null}},"9":{"start":{"line":62,"column":17},"end":{"line":62,"column":null}},"10":{"start":{"line":64,"column":20},"end":{"line":64,"column":null}},"11":{"start":{"line":65,"column":22},"end":{"line":65,"column":null}},"12":{"start":{"line":67,"column":4},"end":{"line":67,"column":null}},"13":{"start":{"line":70,"column":2},"end":{"line":219,"column":null}},"14":{"start":{"line":101,"column":33},"end":{"line":101,"column":null}},"15":{"start":{"line":102,"column":32},"end":{"line":102,"column":null}},"16":{"start":{"line":103,"column":33},"end":{"line":103,"column":null}},"17":{"start":{"line":105,"column":14},"end":{"line":163,"column":null}},"18":{"start":{"line":170,"column":12},"end":{"line":206,"column":null}},"19":{"start":{"line":191,"column":35},"end":{"line":191,"column":null}},"20":{"start":{"line":192,"column":16},"end":{"line":203,"column":null}}},"fnMap":{"0":{"name":"(anonymous_0)","decl":{"start":{"line":44,"column":56},"end":{"line":44,"column":57}},"loc":{"start":{"line":52,"column":6},"end":{"line":221,"column":null}},"line":52},"1":{"name":"(anonymous_1)","decl":{"start":{"line":55,"column":28},"end":{"line":55,"column":29}},"loc":{"start":{"line":55,"column":62},"end":{"line":58,"column":null}},"line":55},"2":{"name":"(anonymous_2)","decl":{"start":{"line":55,"column":62},"end":{"line":55,"column":68}},"loc":{"start":{"line":55,"column":68},"end":{"line":58,"column":null}},"line":55},"3":{"name":"(anonymous_3)","decl":{"start":{"line":60,"column":25},"end":{"line":60,"column":26}},"loc":{"start":{"line":60,"column":46},"end":{"line":68,"column":null}},"line":60},"4":{"name":"(anonymous_4)","decl":{"start":{"line":100,"column":30},"end":{"line":100,"column":31}},"loc":{"start":{"line":100,"column":41},"end":{"line":165,"column":13}},"line":100},"5":{"name":"(anonymous_5)","decl":{"start":{"line":169,"column":20},"end":{"line":169,"column":21}},"loc":{"start":{"line":170,"column":12},"end":{"line":206,"column":null}},"line":170},"6":{"name":"(anonymous_6)","decl":{"start":{"line":190,"column":32},"end":{"line":190,"column":33}},"loc":{"start":{"line":190,"column":43},"end":{"line":205,"column":15}},"line":190}},"branchMap":{"0":{"loc":{"start":{"line":49,"column":2},"end":{"line":49,"column":null}},"type":"default-arg","locations":[{"start":{"line":49,"column":18},"end":{"line":49,"column":null}}],"line":49},"1":{"loc":{"start":{"line":50,"column":2},"end":{"line":50,"column":null}},"type":"default-arg","locations":[{"start":{"line":50,"column":16},"end":{"line":50,"column":null}}],"line":50},"2":{"loc":{"start":{"line":51,"column":2},"end":{"line":51,"column":null}},"type":"default-arg","locations":[{"start":{"line":51,"column":13},"end":{"line":51,"column":null}}],"line":51},"3":{"loc":{"start":{"line":56,"column":18},"end":{"line":56,"column":null}},"type":"binary-expr","locations":[{"start":{"line":56,"column":18},"end":{"line":56,"column":49}},{"start":{"line":56,"column":49},"end":{"line":56,"column":null}}],"line":56},"4":{"loc":{"start":{"line":57,"column":21},"end":{"line":57,"column":43}},"type":"cond-expr","locations":[{"start":{"line":57,"column":29},"end":{"line":57,"column":38}},{"start":{"line":57,"column":38},"end":{"line":57,"column":43}}],"line":57},"5":{"loc":{"start":{"line":62,"column":4},"end":{"line":62,"column":null}},"type":"if","locations":[{"start":{"line":62,"column":4},"end":{"line":62,"column":null}},{"start":{},"end":{}}],"line":62},"6":{"loc":{"start":{"line":65,"column":22},"end":{"line":65,"column":null}},"type":"binary-expr","locations":[{"start":{"line":65,"column":22},"end":{"line":65,"column":43}},{"start":{"line":65,"column":43},"end":{"line":65,"column":null}}],"line":65},"7":{"loc":{"start":{"line":94,"column":27},"end":{"line":94,"column":null}},"type":"cond-expr","locations":[{"start":{"line":94,"column":58},"end":{"line":94,"column":81}},{"start":{"line":94,"column":81},"end":{"line":94,"column":null}}],"line":94},"8":{"loc":{"start":{"line":103,"column":33},"end":{"line":103,"column":null}},"type":"binary-expr","locations":[{"start":{"line":103,"column":33},"end":{"line":103,"column":54}},{"start":{"line":103,"column":54},"end":{"line":103,"column":76}},{"start":{"line":103,"column":76},"end":{"line":103,"column":null}}],"line":103},"9":{"loc":{"start":{"line":118,"column":33},"end":{"line":118,"column":null}},"type":"cond-expr","locations":[{"start":{"line":118,"column":63},"end":{"line":118,"column":86}},{"start":{"line":118,"column":86},"end":{"line":118,"column":null}}],"line":118},"10":{"loc":{"start":{"line":121,"column":23},"end":{"line":131,"column":null}},"type":"cond-expr","locations":[{"start":{"line":122,"column":24},"end":{"line":129,"column":null}},{"start":{"line":129,"column":24},"end":{"line":131,"column":null}}],"line":121},"11":{"loc":{"start":{"line":135,"column":21},"end":{"line":160,"column":null}},"type":"cond-expr","locations":[{"start":{"line":136,"column":22},"end":{"line":138,"column":null}},{"start":{"line":139,"column":24},"end":{"line":160,"column":null}}],"line":135},"12":{"loc":{"start":{"line":139,"column":24},"end":{"line":160,"column":null}},"type":"cond-expr","locations":[{"start":{"line":140,"column":22},"end":{"line":154,"column":null}},{"start":{"line":155,"column":24},"end":{"line":160,"column":null}}],"line":139},"13":{"loc":{"start":{"line":144,"column":40},"end":{"line":144,"column":null}},"type":"cond-expr","locations":[{"start":{"line":144,"column":53},"end":{"line":144,"column":59}},{"start":{"line":144,"column":59},"end":{"line":144,"column":null}}],"line":144},"14":{"loc":{"start":{"line":145,"column":38},"end":{"line":145,"column":null}},"type":"cond-expr","locations":[{"start":{"line":145,"column":51},"end":{"line":145,"column":62}},{"start":{"line":145,"column":62},"end":{"line":145,"column":null}}],"line":145},"15":{"loc":{"start":{"line":146,"column":37},"end":{"line":146,"column":null}},"type":"cond-expr","locations":[{"start":{"line":146,"column":50},"end":{"line":146,"column":68}},{"start":{"line":146,"column":68},"end":{"line":146,"column":null}}],"line":146},"16":{"loc":{"start":{"line":147,"column":32},"end":{"line":147,"column":null}},"type":"cond-expr","locations":[{"start":{"line":147,"column":45},"end":{"line":147,"column":49}},{"start":{"line":147,"column":49},"end":{"line":147,"column":null}}],"line":147},"17":{"loc":{"start":{"line":149,"column":35},"end":{"line":149,"column":null}},"type":"cond-expr","locations":[{"start":{"line":149,"column":48},"end":{"line":149,"column":73}},{"start":{"line":149,"column":73},"end":{"line":149,"column":null}}],"line":149},"18":{"loc":{"start":{"line":155,"column":24},"end":{"line":160,"column":null}},"type":"cond-expr","locations":[{"start":{"line":156,"column":22},"end":{"line":158,"column":null}},{"start":{"line":160,"column":22},"end":{"line":160,"column":null}}],"line":155},"19":{"loc":{"start":{"line":198,"column":31},"end":{"line":198,"column":null}},"type":"cond-expr","locations":[{"start":{"line":198,"column":55},"end":{"line":198,"column":61}},{"start":{"line":198,"column":61},"end":{"line":198,"column":null}}],"line":198},"20":{"loc":{"start":{"line":208,"column":11},"end":{"line":215,"column":null}},"type":"binary-expr","locations":[{"start":{"line":208,"column":11},"end":{"line":208,"column":null}},{"start":{"line":209,"column":13},"end":{"line":215,"column":null}}],"line":208}},"s":{"0":1,"1":6,"2":6,"3":18,"4":2,"5":2,"6":6,"7":22,"8":22,"9":20,"10":2,"11":2,"12":22,"13":6,"14":12,"15":12,"16":12,"17":12,"18":5,"19":10,"20":10},"f":{"0":6,"1":18,"2":2,"3":22,"4":12,"5":5,"6":10},"b":{"0":[6],"1":[6],"2":[6],"3":[2,1],"4":[1,1],"5":[20,2],"6":[2,2],"7":[6,0],"8":[12,2,2],"9":[0,12],"10":[0,12],"11":[1,11],"12":[2,9],"13":[1,1],"14":[1,1],"15":[1,1],"16":[1,1],"17":[1,1],"18":[0,9],"19":[1,9],"20":[6,1]},"meta":{"lastBranch":21,"lastFunction":7,"lastStatement":21,"seen":{"s:44:56:221:Infinity":0,"f:44:56:44:57":0,"b:49:18:49:Infinity":0,"b:50:16:50:Infinity":1,"b:51:13:51:Infinity":2,"s:53:12:53:Infinity":1,"s:55:28:58:Infinity":2,"f:55:28:55:29":1,"s:55:62:58:Infinity":3,"f:55:62:55:68":2,"s:56:18:56:Infinity":4,"b:56:18:56:49:56:49:56:Infinity":3,"s:57:4:57:Infinity":5,"b:57:29:57:38:57:38:57:43":4,"s:60:25:68:Infinity":6,"f:60:25:60:26":3,"s:61:19:61:Infinity":7,"b:62:4:62:Infinity:undefined:undefined:undefined:undefined":5,"s:62:4:62:Infinity":8,"s:62:17:62:Infinity":9,"s:64:20:64:Infinity":10,"s:65:22:65:Infinity":11,"b:65:22:65:43:65:43:65:Infinity":6,"s:67:4:67:Infinity":12,"s:70:2:219:Infinity":13,"b:94:58:94:81:94:81:94:Infinity":7,"f:100:30:100:31":4,"s:101:33:101:Infinity":14,"s:102:32:102:Infinity":15,"s:103:33:103:Infinity":16,"b:103:33:103:54:103:54:103:76:103:76:103:Infinity":8,"s:105:14:163:Infinity":17,"b:118:63:118:86:118:86:118:Infinity":9,"b:122:24:129:Infinity:129:24:131:Infinity":10,"b:136:22:138:Infinity:139:24:160:Infinity":11,"b:140:22:154:Infinity:155:24:160:Infinity":12,"b:144:53:144:59:144:59:144:Infinity":13,"b:145:51:145:62:145:62:145:Infinity":14,"b:146:50:146:68:146:68:146:Infinity":15,"b:147:45:147:49:147:49:147:Infinity":16,"b:149:48:149:73:149:73:149:Infinity":17,"b:156:22:158:Infinity:160:22:160:Infinity":18,"f:169:20:169:21":5,"s:170:12:206:Infinity":18,"f:190:32:190:33":6,"s:191:35:191:Infinity":19,"s:192:16:203:Infinity":20,"b:198:55:198:61:198:61:198:Infinity":19,"b:208:11:208:Infinity:209:13:215:Infinity":20}}}
,"/home/tal/GeminiCLIProjects/ShoppingList/client/src/components/PriceCell.tsx": {"path":"/home/tal/GeminiCLIProjects/ShoppingList/client/src/components/PriceCell.tsx","statementMap":{"0":{"start":{"line":11,"column":44},"end":{"line":77,"column":null}},"1":{"start":{"line":12,"column":12},"end":{"line":12,"column":null}},"2":{"start":{"line":14,"column":2},"end":{"line":20,"column":null}},"3":{"start":{"line":15,"column":4},"end":{"line":18,"column":null}},"4":{"start":{"line":22,"column":54},"end":{"line":22,"column":null}},"5":{"start":{"line":24,"column":2},"end":{"line":30,"column":null}},"6":{"start":{"line":25,"column":4},"end":{"line":28,"column":null}},"7":{"start":{"line":32,"column":2},"end":{"line":75,"column":null}}},"fnMap":{"0":{"name":"(anonymous_0)","decl":{"start":{"line":11,"column":44},"end":{"line":11,"column":45}},"loc":{"start":{"line":11,"column":63},"end":{"line":77,"column":null}},"line":11}},"branchMap":{"0":{"loc":{"start":{"line":14,"column":2},"end":{"line":20,"column":null}},"type":"if","locations":[{"start":{"line":14,"column":2},"end":{"line":20,"column":null}},{"start":{},"end":{}}],"line":14},"1":{"loc":{"start":{"line":24,"column":2},"end":{"line":30,"column":null}},"type":"if","locations":[{"start":{"line":24,"column":2},"end":{"line":30,"column":null}},{"start":{},"end":{}}],"line":24},"2":{"loc":{"start":{"line":40,"column":7},"end":{"line":52,"column":null}},"type":"binary-expr","locations":[{"start":{"line":40,"column":7},"end":{"line":40,"column":null}},{"start":{"line":41,"column":8},"end":{"line":52,"column":null}}],"line":40},"3":{"loc":{"start":{"line":58,"column":22},"end":{"line":58,"column":null}},"type":"cond-expr","locations":[{"start":{"line":58,"column":35},"end":{"line":58,"column":41}},{"start":{"line":58,"column":41},"end":{"line":58,"column":null}}],"line":58},"4":{"loc":{"start":{"line":59,"column":17},"end":{"line":59,"column":null}},"type":"cond-expr","locations":[{"start":{"line":59,"column":30},"end":{"line":59,"column":47}},{"start":{"line":59,"column":47},"end":{"line":59,"column":null}}],"line":59},"5":{"loc":{"start":{"line":60,"column":26},"end":{"line":60,"column":null}},"type":"cond-expr","locations":[{"start":{"line":60,"column":34},"end":{"line":60,"column":48}},{"start":{"line":60,"column":48},"end":{"line":60,"column":null}}],"line":60},"6":{"loc":{"start":{"line":68,"column":7},"end":{"line":73,"column":null}},"type":"binary-expr","locations":[{"start":{"line":68,"column":7},"end":{"line":68,"column":null}},{"start":{"line":69,"column":8},"end":{"line":73,"column":null}}],"line":68}},"s":{"0":1,"1":10,"2":10,"3":0,"4":10,"5":10,"6":0,"7":10},"f":{"0":10},"b":{"0":[0,10],"1":[0,10],"2":[10,5],"3":[5,5],"4":[5,5],"5":[0,10],"6":[10,0]},"meta":{"lastBranch":7,"lastFunction":1,"lastStatement":8,"seen":{"s:11:44:77:Infinity":0,"f:11:44:11:45":0,"s:12:12:12:Infinity":1,"b:14:2:20:Infinity:undefined:undefined:undefined:undefined":0,"s:14:2:20:Infinity":2,"s:15:4:18:Infinity":3,"s:22:54:22:Infinity":4,"b:24:2:30:Infinity:undefined:undefined:undefined:undefined":1,"s:24:2:30:Infinity":5,"s:25:4:28:Infinity":6,"s:32:2:75:Infinity":7,"b:40:7:40:Infinity:41:8:52:Infinity":2,"b:58:35:58:41:58:41:58:Infinity":3,"b:59:30:59:47:59:47:59:Infinity":4,"b:60:34:60:48:60:48:60:Infinity":5,"b:68:7:68:Infinity:69:8:73:Infinity":6}}}
,"/home/tal/GeminiCLIProjects/ShoppingList/client/src/utils/comparisonUtils.ts": {"path":"/home/tal/GeminiCLIProjects/ShoppingList/client/src/utils/comparisonUtils.ts","statementMap":{"0":{"start":{"line":22,"column":29},"end":{"line":22,"column":null}},"1":{"start":{"line":24,"column":35},"end":{"line":60,"column":null}},"2":{"start":{"line":25,"column":2},"end":{"line":25,"column":null}},"3":{"start":{"line":25,"column":16},"end":{"line":25,"column":null}},"4":{"start":{"line":27,"column":21},"end":{"line":27,"column":null}},"5":{"start":{"line":28,"column":21},"end":{"line":28,"column":null}},"6":{"start":{"line":30,"column":2},"end":{"line":52,"column":null}},"7":{"start":{"line":31,"column":20},"end":{"line":31,"column":null}},"8":{"start":{"line":32,"column":20},"end":{"line":32,"column":null}},"9":{"start":{"line":34,"column":21},"end":{"line":34,"column":null}},"10":{"start":{"line":35,"column":4},"end":{"line":44,"column":null}},"11":{"start":{"line":36,"column":8},"end":{"line":36,"column":null}},"12":{"start":{"line":38,"column":25},"end":{"line":38,"column":null}},"13":{"start":{"line":39,"column":8},"end":{"line":43,"column":null}},"14":{"start":{"line":40,"column":12},"end":{"line":40,"column":null}},"15":{"start":{"line":42,"column":12},"end":{"line":42,"column":null}},"16":{"start":{"line":46,"column":4},"end":{"line":49,"column":null}},"17":{"start":{"line":47,"column":8},"end":{"line":47,"column":null}},"18":{"start":{"line":48,"column":8},"end":{"line":48,"column":null}},"19":{"start":{"line":51,"column":4},"end":{"line":51,"column":null}},"20":{"start":{"line":54,"column":18},"end":{"line":54,"column":null}},"21":{"start":{"line":55,"column":2},"end":{"line":59,"column":null}},"22":{"start":{"line":62,"column":34},"end":{"line":119,"column":null}},"23":{"start":{"line":63,"column":20},"end":{"line":63,"column":null}},"24":{"start":{"line":64,"column":24},"end":{"line":64,"column":null}},"25":{"start":{"line":65,"column":19},"end":{"line":65,"column":null}},"26":{"start":{"line":67,"column":2},"end":{"line":69,"column":null}},"27":{"start":{"line":68,"column":6},"end":{"line":68,"column":null}},"28":{"start":{"line":71,"column":20},"end":{"line":71,"column":null}},"29":{"start":{"line":73,"column":2},"end":{"line":116,"column":null}},"30":{"start":{"line":74,"column":20},"end":{"line":74,"column":null}},"31":{"start":{"line":75,"column":6},"end":{"line":115,"column":null}},"32":{"start":{"line":76,"column":27},"end":{"line":76,"column":null}},"33":{"start":{"line":77,"column":29},"end":{"line":77,"column":null}},"34":{"start":{"line":79,"column":10},"end":{"line":114,"column":null}},"35":{"start":{"line":80,"column":33},"end":{"line":80,"column":null}},"36":{"start":{"line":81,"column":31},"end":{"line":81,"column":null}},"37":{"start":{"line":82,"column":31},"end":{"line":82,"column":null}},"38":{"start":{"line":84,"column":33},"end":{"line":84,"column":null}},"39":{"start":{"line":86,"column":14},"end":{"line":113,"column":null}},"40":{"start":{"line":87,"column":38},"end":{"line":87,"column":null}},"41":{"start":{"line":88,"column":38},"end":{"line":88,"column":null}},"42":{"start":{"line":89,"column":18},"end":{"line":102,"column":null}},"43":{"start":{"line":90,"column":42},"end":{"line":90,"column":null}},"44":{"start":{"line":91,"column":40},"end":{"line":91,"column":null}},"45":{"start":{"line":92,"column":22},"end":{"line":92,"column":null}},"46":{"start":{"line":94,"column":22},"end":{"line":101,"column":null}},"47":{"start":{"line":95,"column":26},"end":{"line":100,"column":null}},"48":{"start":{"line":104,"column":39},"end":{"line":104,"column":null}},"49":{"start":{"line":105,"column":18},"end":{"line":112,"column":null}},"50":{"start":{"line":106,"column":22},"end":{"line":111,"column":null}},"51":{"start":{"line":118,"column":2},"end":{"line":118,"column":null}},"52":{"start":{"line":121,"column":33},"end":{"line":194,"column":null}},"53":{"start":{"line":125,"column":2},"end":{"line":193,"column":null}},"54":{"start":{"line":126,"column":46},"end":{"line":126,"column":null}},"55":{"start":{"line":127,"column":34},"end":{"line":127,"column":null}},"56":{"start":{"line":129,"column":4},"end":{"line":144,"column":null}},"57":{"start":{"line":130,"column":22},"end":{"line":130,"column":null}},"58":{"start":{"line":131,"column":20},"end":{"line":131,"column":null}},"59":{"start":{"line":131,"column":45},"end":{"line":131,"column":82}},"60":{"start":{"line":133,"column":6},"end":{"line":143,"column":null}},"61":{"start":{"line":134,"column":23},"end":{"line":134,"column":null}},"62":{"start":{"line":135,"column":25},"end":{"line":135,"column":null}},"63":{"start":{"line":137,"column":8},"end":{"line":142,"column":null}},"64":{"start":{"line":138,"column":11},"end":{"line":138,"column":null}},"65":{"start":{"line":139,"column":11},"end":{"line":141,"column":null}},"66":{"start":{"line":140,"column":13},"end":{"line":140,"column":null}},"67":{"start":{"line":146,"column":21},"end":{"line":146,"column":null}},"68":{"start":{"line":149,"column":4},"end":{"line":187,"column":null}},"69":{"start":{"line":150,"column":22},"end":{"line":150,"column":null}},"70":{"start":{"line":151,"column":20},"end":{"line":151,"column":null}},"71":{"start":{"line":151,"column":45},"end":{"line":151,"column":82}},"72":{"start":{"line":152,"column":17},"end":{"line":152,"column":null}},"73":{"start":{"line":154,"column":6},"end":{"line":162,"column":null}},"74":{"start":{"line":155,"column":8},"end":{"line":160,"column":null}},"75":{"start":{"line":161,"column":8},"end":{"line":161,"column":null}},"76":{"start":{"line":164,"column":21},"end":{"line":164,"column":null}},"77":{"start":{"line":165,"column":25},"end":{"line":165,"column":null}},"78":{"start":{"line":166,"column":40},"end":{"line":166,"column":null}},"79":{"start":{"line":167,"column":23},"end":{"line":167,"column":null}},"80":{"start":{"line":169,"column":6},"end":{"line":177,"column":null}},"81":{"start":{"line":170,"column":8},"end":{"line":170,"column":null}},"82":{"start":{"line":171,"column":8},"end":{"line":171,"column":null}},"83":{"start":{"line":173,"column":8},"end":{"line":173,"column":null}},"84":{"start":{"line":174,"column":8},"end":{"line":176,"column":null}},"85":{"start":{"line":175,"column":10},"end":{"line":175,"column":null}},"86":{"start":{"line":179,"column":6},"end":{"line":186,"column":null}},"87":{"start":{"line":189,"column":4},"end":{"line":192,"column":null}},"88":{"start":{"line":196,"column":36},"end":{"line":223,"column":null}},"89":{"start":{"line":201,"column":2},"end":{"line":222,"column":null}},"90":{"start":{"line":202,"column":4},"end":{"line":206,"column":null}},"91":{"start":{"line":203,"column":6},"end":{"line":205,"column":null}},"92":{"start":{"line":208,"column":19},"end":{"line":208,"column":null}},"93":{"start":{"line":209,"column":19},"end":{"line":209,"column":null}},"94":{"start":{"line":211,"column":23},"end":{"line":211,"column":null}},"95":{"start":{"line":212,"column":23},"end":{"line":212,"column":null}},"96":{"start":{"line":214,"column":4},"end":{"line":214,"column":null}},"97":{"start":{"line":214,"column":34},"end":{"line":214,"column":null}},"98":{"start":{"line":215,"column":4},"end":{"line":215,"column":null}},"99":{"start":{"line":215,"column":20},"end":{"line":215,"column":null}},"100":{"start":{"line":216,"column":4},"end":{"line":216,"column":null}},"101":{"start":{"line":216,"column":20},"end":{"line":216,"column":null}},"102":{"start":{"line":218,"column":17},"end":{"line":218,"column":null}},"103":{"start":{"line":219,"column":17},"end":{"line":219,"column":null}},"104":{"start":{"line":221,"column":4},"end":{"line":221,"column":null}},"105":{"start":{"line":225,"column":30},"end":{"line":227,"column":null}},"106":{"start":{"line":226,"column":2},"end":{"line":226,"column":null}},"107":{"start":{"line":229,"column":28},"end":{"line":240,"column":null}},"108":{"start":{"line":230,"column":20},"end":{"line":230,"column":null}},"109":{"start":{"line":231,"column":2},"end":{"line":231,"column":null}},"110":{"start":{"line":231,"column":71},"end":{"line":231,"column":null}},"111":{"start":{"line":232,"column":2},"end":{"line":232,"column":null}},"112":{"start":{"line":232,"column":72},"end":{"line":232,"column":null}},"113":{"start":{"line":233,"column":2},"end":{"line":233,"column":null}},"114":{"start":{"line":233,"column":73},"end":{"line":233,"column":null}},"115":{"start":{"line":234,"column":2},"end":{"line":234,"column":null}},"116":{"start":{"line":234,"column":70},"end":{"line":234,"column":null}},"117":{"start":{"line":235,"column":2},"end":{"line":235,"column":null}},"118":{"start":{"line":235,"column":70},"end":{"line":235,"column":null}},"119":{"start":{"line":236,"column":2},"end":{"line":236,"column":null}},"120":{"start":{"line":236,"column":71},"end":{"line":236,"column":null}},"121":{"start":{"line":237,"column":2},"end":{"line":237,"column":null}},"122":{"start":{"line":237,"column":71},"end":{"line":237,"column":null}},"123":{"start":{"line":238,"column":2},"end":{"line":238,"column":null}},"124":{"start":{"line":238,"column":74},"end":{"line":238,"column":null}},"125":{"start":{"line":239,"column":2},"end":{"line":239,"column":null}}},"fnMap":{"0":{"name":"(anonymous_0)","decl":{"start":{"line":24,"column":35},"end":{"line":24,"column":36}},"loc":{"start":{"line":24,"column":80},"end":{"line":60,"column":null}},"line":24},"1":{"name":"(anonymous_1)","decl":{"start":{"line":30,"column":18},"end":{"line":30,"column":19}},"loc":{"start":{"line":30,"column":25},"end":{"line":52,"column":3}},"line":30},"2":{"name":"(anonymous_2)","decl":{"start":{"line":62,"column":34},"end":{"line":62,"column":35}},"loc":{"start":{"line":62,"column":68},"end":{"line":119,"column":null}},"line":62},"3":{"name":"(anonymous_3)","decl":{"start":{"line":73,"column":20},"end":{"line":73,"column":21}},"loc":{"start":{"line":73,"column":43},"end":{"line":116,"column":3}},"line":73},"4":{"name":"(anonymous_4)","decl":{"start":{"line":121,"column":33},"end":{"line":121,"column":null}},"loc":{"start":{"line":124,"column":28},"end":{"line":194,"column":null}},"line":124},"5":{"name":"(anonymous_5)","decl":{"start":{"line":125,"column":26},"end":{"line":125,"column":27}},"loc":{"start":{"line":125,"column":40},"end":{"line":193,"column":3}},"line":125},"6":{"name":"(anonymous_6)","decl":{"start":{"line":129,"column":40},"end":{"line":129,"column":41}},"loc":{"start":{"line":129,"column":50},"end":{"line":144,"column":5}},"line":129},"7":{"name":"(anonymous_7)","decl":{"start":{"line":131,"column":33},"end":{"line":131,"column":34}},"loc":{"start":{"line":131,"column":45},"end":{"line":131,"column":82}},"line":131},"8":{"name":"(anonymous_8)","decl":{"start":{"line":149,"column":41},"end":{"line":149,"column":42}},"loc":{"start":{"line":149,"column":62},"end":{"line":187,"column":5}},"line":149},"9":{"name":"(anonymous_9)","decl":{"start":{"line":151,"column":33},"end":{"line":151,"column":34}},"loc":{"start":{"line":151,"column":45},"end":{"line":151,"column":82}},"line":151},"10":{"name":"(anonymous_10)","decl":{"start":{"line":196,"column":36},"end":{"line":196,"column":null}},"loc":{"start":{"line":200,"column":28},"end":{"line":223,"column":null}},"line":200},"11":{"name":"(anonymous_11)","decl":{"start":{"line":201,"column":26},"end":{"line":201,"column":27}},"loc":{"start":{"line":201,"column":36},"end":{"line":222,"column":3}},"line":201},"12":{"name":"(anonymous_12)","decl":{"start":{"line":225,"column":30},"end":{"line":225,"column":31}},"loc":{"start":{"line":225,"column":56},"end":{"line":227,"column":null}},"line":225},"13":{"name":"(anonymous_13)","decl":{"start":{"line":229,"column":28},"end":{"line":229,"column":29}},"loc":{"start":{"line":229,"column":61},"end":{"line":240,"column":null}},"line":229}},"branchMap":{"0":{"loc":{"start":{"line":25,"column":2},"end":{"line":25,"column":null}},"type":"if","locations":[{"start":{"line":25,"column":2},"end":{"line":25,"column":null}},{"start":{},"end":{}}],"line":25},"1":{"loc":{"start":{"line":35,"column":4},"end":{"line":44,"column":null}},"type":"if","locations":[{"start":{"line":35,"column":4},"end":{"line":44,"column":null}},{"start":{"line":37,"column":11},"end":{"line":44,"column":null}}],"line":35},"2":{"loc":{"start":{"line":35,"column":8},"end":{"line":35,"column":69}},"type":"binary-expr","locations":[{"start":{"line":35,"column":8},"end":{"line":35,"column":30}},{"start":{"line":35,"column":30},"end":{"line":35,"column":51}},{"start":{"line":35,"column":51},"end":{"line":35,"column":69}}],"line":35},"3":{"loc":{"start":{"line":39,"column":8},"end":{"line":43,"column":null}},"type":"if","locations":[{"start":{"line":39,"column":8},"end":{"line":43,"column":null}},{"start":{"line":41,"column":15},"end":{"line":43,"column":null}}],"line":39},"4":{"loc":{"start":{"line":39,"column":12},"end":{"line":39,"column":47}},"type":"binary-expr","locations":[{"start":{"line":39,"column":12},"end":{"line":39,"column":31}},{"start":{"line":39,"column":31},"end":{"line":39,"column":47}}],"line":39},"5":{"loc":{"start":{"line":46,"column":4},"end":{"line":49,"column":null}},"type":"if","locations":[{"start":{"line":46,"column":4},"end":{"line":49,"column":null}},{"start":{},"end":{}}],"line":46},"6":{"loc":{"start":{"line":48,"column":37},"end":{"line":48,"column":null}},"type":"binary-expr","locations":[{"start":{"line":48,"column":37},"end":{"line":48,"column":51}},{"start":{"line":48,"column":51},"end":{"line":48,"column":null}}],"line":48},"7":{"loc":{"start":{"line":54,"column":18},"end":{"line":54,"column":null}},"type":"binary-expr","locations":[{"start":{"line":54,"column":18},"end":{"line":54,"column":41}},{"start":{"line":54,"column":41},"end":{"line":54,"column":null}}],"line":54},"8":{"loc":{"start":{"line":67,"column":2},"end":{"line":69,"column":null}},"type":"if","locations":[{"start":{"line":67,"column":2},"end":{"line":69,"column":null}},{"start":{},"end":{}}],"line":67},"9":{"loc":{"start":{"line":75,"column":6},"end":{"line":115,"column":null}},"type":"if","locations":[{"start":{"line":75,"column":6},"end":{"line":115,"column":null}},{"start":{},"end":{}}],"line":75},"10":{"loc":{"start":{"line":79,"column":10},"end":{"line":114,"column":null}},"type":"if","locations":[{"start":{"line":79,"column":10},"end":{"line":114,"column":null}},{"start":{},"end":{}}],"line":79},"11":{"loc":{"start":{"line":86,"column":14},"end":{"line":113,"column":null}},"type":"if","locations":[{"start":{"line":86,"column":14},"end":{"line":113,"column":null}},{"start":{"line":103,"column":21},"end":{"line":113,"column":null}}],"line":86},"12":{"loc":{"start":{"line":86,"column":18},"end":{"line":86,"column":57}},"type":"binary-expr","locations":[{"start":{"line":86,"column":18},"end":{"line":86,"column":30}},{"start":{"line":86,"column":30},"end":{"line":86,"column":57}}],"line":86},"13":{"loc":{"start":{"line":89,"column":18},"end":{"line":102,"column":null}},"type":"if","locations":[{"start":{"line":89,"column":18},"end":{"line":102,"column":null}},{"start":{},"end":{}}],"line":89},"14":{"loc":{"start":{"line":94,"column":22},"end":{"line":101,"column":null}},"type":"if","locations":[{"start":{"line":94,"column":22},"end":{"line":101,"column":null}},{"start":{},"end":{}}],"line":94},"15":{"loc":{"start":{"line":99,"column":43},"end":{"line":99,"column":null}},"type":"binary-expr","locations":[{"start":{"line":99,"column":43},"end":{"line":99,"column":58}},{"start":{"line":99,"column":58},"end":{"line":99,"column":null}}],"line":99},"16":{"loc":{"start":{"line":105,"column":18},"end":{"line":112,"column":null}},"type":"if","locations":[{"start":{"line":105,"column":18},"end":{"line":112,"column":null}},{"start":{},"end":{}}],"line":105},"17":{"loc":{"start":{"line":110,"column":39},"end":{"line":110,"column":null}},"type":"binary-expr","locations":[{"start":{"line":110,"column":39},"end":{"line":110,"column":51}},{"start":{"line":110,"column":51},"end":{"line":110,"column":null}}],"line":110},"18":{"loc":{"start":{"line":130,"column":22},"end":{"line":130,"column":null}},"type":"binary-expr","locations":[{"start":{"line":130,"column":22},"end":{"line":130,"column":38}},{"start":{"line":130,"column":38},"end":{"line":130,"column":null}}],"line":130},"19":{"loc":{"start":{"line":133,"column":6},"end":{"line":143,"column":null}},"type":"if","locations":[{"start":{"line":133,"column":6},"end":{"line":143,"column":null}},{"start":{},"end":{}}],"line":133},"20":{"loc":{"start":{"line":137,"column":8},"end":{"line":142,"column":null}},"type":"if","locations":[{"start":{"line":137,"column":8},"end":{"line":142,"column":null}},{"start":{},"end":{}}],"line":137},"21":{"loc":{"start":{"line":137,"column":12},"end":{"line":137,"column":77}},"type":"binary-expr","locations":[{"start":{"line":137,"column":12},"end":{"line":137,"column":34}},{"start":{"line":137,"column":34},"end":{"line":137,"column":55}},{"start":{"line":137,"column":55},"end":{"line":137,"column":77}}],"line":137},"22":{"loc":{"start":{"line":139,"column":11},"end":{"line":141,"column":null}},"type":"if","locations":[{"start":{"line":139,"column":11},"end":{"line":141,"column":null}},{"start":{},"end":{}}],"line":139},"23":{"loc":{"start":{"line":139,"column":15},"end":{"line":139,"column":49}},"type":"binary-expr","locations":[{"start":{"line":139,"column":15},"end":{"line":139,"column":35}},{"start":{"line":139,"column":35},"end":{"line":139,"column":49}}],"line":139},"24":{"loc":{"start":{"line":146,"column":21},"end":{"line":146,"column":null}},"type":"cond-expr","locations":[{"start":{"line":146,"column":46},"end":{"line":146,"column":73}},{"start":{"line":146,"column":73},"end":{"line":146,"column":null}}],"line":146},"25":{"loc":{"start":{"line":150,"column":22},"end":{"line":150,"column":null}},"type":"binary-expr","locations":[{"start":{"line":150,"column":22},"end":{"line":150,"column":38}},{"start":{"line":150,"column":38},"end":{"line":150,"column":null}}],"line":150},"26":{"loc":{"start":{"line":154,"column":6},"end":{"line":162,"column":null}},"type":"if","locations":[{"start":{"line":154,"column":6},"end":{"line":162,"column":null}},{"start":{},"end":{}}],"line":154},"27":{"loc":{"start":{"line":169,"column":6},"end":{"line":177,"column":null}},"type":"if","locations":[{"start":{"line":169,"column":6},"end":{"line":177,"column":null}},{"start":{"line":172,"column":13},"end":{"line":177,"column":null}}],"line":169},"28":{"loc":{"start":{"line":169,"column":10},"end":{"line":169,"column":75}},"type":"binary-expr","locations":[{"start":{"line":169,"column":10},"end":{"line":169,"column":32}},{"start":{"line":169,"column":32},"end":{"line":169,"column":53}},{"start":{"line":169,"column":53},"end":{"line":169,"column":75}}],"line":169},"29":{"loc":{"start":{"line":174,"column":8},"end":{"line":176,"column":null}},"type":"if","locations":[{"start":{"line":174,"column":8},"end":{"line":176,"column":null}},{"start":{},"end":{}}],"line":174},"30":{"loc":{"start":{"line":174,"column":12},"end":{"line":174,"column":47}},"type":"binary-expr","locations":[{"start":{"line":174,"column":12},"end":{"line":174,"column":31}},{"start":{"line":174,"column":31},"end":{"line":174,"column":47}}],"line":174},"31":{"loc":{"start":{"line":182,"column":20},"end":{"line":182,"column":null}},"type":"binary-expr","locations":[{"start":{"line":182,"column":20},"end":{"line":182,"column":41}},{"start":{"line":182,"column":41},"end":{"line":182,"column":null}}],"line":182},"32":{"loc":{"start":{"line":202,"column":4},"end":{"line":206,"column":null}},"type":"if","locations":[{"start":{"line":202,"column":4},"end":{"line":206,"column":null}},{"start":{},"end":{}}],"line":202},"33":{"loc":{"start":{"line":203,"column":13},"end":{"line":205,"column":null}},"type":"cond-expr","locations":[{"start":{"line":204,"column":10},"end":{"line":204,"column":null}},{"start":{"line":205,"column":10},"end":{"line":205,"column":null}}],"line":203},"34":{"loc":{"start":{"line":211,"column":23},"end":{"line":211,"column":null}},"type":"binary-expr","locations":[{"start":{"line":211,"column":23},"end":{"line":211,"column":34}},{"start":{"line":211,"column":34},"end":{"line":211,"column":null}}],"line":211},"35":{"loc":{"start":{"line":212,"column":23},"end":{"line":212,"column":null}},"type":"binary-expr","locations":[{"start":{"line":212,"column":23},"end":{"line":212,"column":34}},{"start":{"line":212,"column":34},"end":{"line":212,"column":null}}],"line":212},"36":{"loc":{"start":{"line":214,"column":4},"end":{"line":214,"column":null}},"type":"if","locations":[{"start":{"line":214,"column":4},"end":{"line":214,"column":null}},{"start":{},"end":{}}],"line":214},"37":{"loc":{"start":{"line":214,"column":8},"end":{"line":214,"column":34}},"type":"binary-expr","locations":[{"start":{"line":214,"column":8},"end":{"line":214,"column":22}},{"start":{"line":214,"column":22},"end":{"line":214,"column":34}}],"line":214},"38":{"loc":{"start":{"line":215,"column":4},"end":{"line":215,"column":null}},"type":"if","locations":[{"start":{"line":215,"column":4},"end":{"line":215,"column":null}},{"start":{},"end":{}}],"line":215},"39":{"loc":{"start":{"line":216,"column":4},"end":{"line":216,"column":null}},"type":"if","locations":[{"start":{"line":216,"column":4},"end":{"line":216,"column":null}},{"start":{},"end":{}}],"line":216},"40":{"loc":{"start":{"line":221,"column":11},"end":{"line":221,"column":null}},"type":"cond-expr","locations":[{"start":{"line":221,"column":33},"end":{"line":221,"column":47}},{"start":{"line":221,"column":47},"end":{"line":221,"column":null}}],"line":221},"41":{"loc":{"start":{"line":231,"column":2},"end":{"line":231,"column":null}},"type":"if","locations":[{"start":{"line":231,"column":2},"end":{"line":231,"column":null}},{"start":{},"end":{}}],"line":231},"42":{"loc":{"start":{"line":231,"column":6},"end":{"line":231,"column":71}},"type":"binary-expr","locations":[{"start":{"line":231,"column":6},"end":{"line":231,"column":38}},{"start":{"line":231,"column":38},"end":{"line":231,"column":71}}],"line":231},"43":{"loc":{"start":{"line":232,"column":2},"end":{"line":232,"column":null}},"type":"if","locations":[{"start":{"line":232,"column":2},"end":{"line":232,"column":null}},{"start":{},"end":{}}],"line":232},"44":{"loc":{"start":{"line":232,"column":6},"end":{"line":232,"column":72}},"type":"binary-expr","locations":[{"start":{"line":232,"column":6},"end":{"line":232,"column":39}},{"start":{"line":232,"column":39},"end":{"line":232,"column":72}}],"line":232},"45":{"loc":{"start":{"line":233,"column":2},"end":{"line":233,"column":null}},"type":"if","locations":[{"start":{"line":233,"column":2},"end":{"line":233,"column":null}},{"start":{},"end":{}}],"line":233},"46":{"loc":{"start":{"line":233,"column":6},"end":{"line":233,"column":73}},"type":"binary-expr","locations":[{"start":{"line":233,"column":6},"end":{"line":233,"column":39}},{"start":{"line":233,"column":39},"end":{"line":233,"column":73}}],"line":233},"47":{"loc":{"start":{"line":234,"column":2},"end":{"line":234,"column":null}},"type":"if","locations":[{"start":{"line":234,"column":2},"end":{"line":234,"column":null}},{"start":{},"end":{}}],"line":234},"48":{"loc":{"start":{"line":234,"column":6},"end":{"line":234,"column":70}},"type":"binary-expr","locations":[{"start":{"line":234,"column":6},"end":{"line":234,"column":39}},{"start":{"line":234,"column":39},"end":{"line":234,"column":70}}],"line":234},"49":{"loc":{"start":{"line":235,"column":2},"end":{"line":235,"column":null}},"type":"if","locations":[{"start":{"line":235,"column":2},"end":{"line":235,"column":null}},{"start":{},"end":{}}],"line":235},"50":{"loc":{"start":{"line":235,"column":6},"end":{"line":235,"column":70}},"type":"binary-expr","locations":[{"start":{"line":235,"column":6},"end":{"line":235,"column":37}},{"start":{"line":235,"column":37},"end":{"line":235,"column":70}}],"line":235},"51":{"loc":{"start":{"line":236,"column":2},"end":{"line":236,"column":null}},"type":"if","locations":[{"start":{"line":236,"column":2},"end":{"line":236,"column":null}},{"start":{},"end":{}}],"line":236},"52":{"loc":{"start":{"line":236,"column":6},"end":{"line":236,"column":71}},"type":"binary-expr","locations":[{"start":{"line":236,"column":6},"end":{"line":236,"column":41}},{"start":{"line":236,"column":41},"end":{"line":236,"column":71}}],"line":236},"53":{"loc":{"start":{"line":237,"column":2},"end":{"line":237,"column":null}},"type":"if","locations":[{"start":{"line":237,"column":2},"end":{"line":237,"column":null}},{"start":{},"end":{}}],"line":237},"54":{"loc":{"start":{"line":237,"column":6},"end":{"line":237,"column":71}},"type":"binary-expr","locations":[{"start":{"line":237,"column":6},"end":{"line":237,"column":39}},{"start":{"line":237,"column":39},"end":{"line":237,"column":71}}],"line":237},"55":{"loc":{"start":{"line":238,"column":2},"end":{"line":238,"column":null}},"type":"if","locations":[{"start":{"line":238,"column":2},"end":{"line":238,"column":null}},{"start":{},"end":{}}],"line":238},"56":{"loc":{"start":{"line":238,"column":6},"end":{"line":238,"column":74}},"type":"binary-expr","locations":[{"start":{"line":238,"column":6},"end":{"line":238,"column":42}},{"start":{"line":238,"column":42},"end":{"line":238,"column":74}}],"line":238}},"s":{"0":1,"1":1,"2":0,"3":0,"4":0,"5":0,"6":0,"7":0,"8":0,"9":0,"10":0,"11":0,"12":0,"13":0,"14":0,"15":0,"16":0,"17":0,"18":0,"19":0,"20":0,"21":0,"22":1,"23":0,"24":0,"25":0,"26":0,"27":0,"28":0,"29":0,"30":0,"31":0,"32":0,"33":0,"34":0,"35":0,"36":0,"37":0,"38":0,"39":0,"40":0,"41":0,"42":0,"43":0,"44":0,"45":0,"46":0,"47":0,"48":0,"49":0,"50":0,"51":0,"52":1,"53":0,"54":0,"55":0,"56":0,"57":0,"58":0,"59":0,"60":0,"61":0,"62":0,"63":0,"64":0,"65":0,"66":0,"67":0,"68":0,"69":0,"70":0,"71":0,"72":0,"73":0,"74":0,"75":0,"76":0,"77":0,"78":0,"79":0,"80":0,"81":0,"82":0,"83":0,"84":0,"85":0,"86":0,"87":0,"88":1,"89":0,"90":0,"91":0,"92":0,"93":0,"94":0,"95":0,"96":0,"97":0,"98":0,"99":0,"100":0,"101":0,"102":0,"103":0,"104":0,"105":1,"106":12,"107":1,"108":12,"109":12,"110":0,"111":12,"112":0,"113":12,"114":0,"115":12,"116":0,"117":12,"118":0,"119":12,"120":0,"121":12,"122":0,"123":12,"124":0,"125":12},"f":{"0":0,"1":0,"2":0,"3":0,"4":0,"5":0,"6":0,"7":0,"8":0,"9":0,"10":0,"11":0,"12":12,"13":12},"b":{"0":[0,0],"1":[0,0],"2":[0,0,0],"3":[0,0],"4":[0,0],"5":[0,0],"6":[0,0],"7":[0,0],"8":[0,0],"9":[0,0],"10":[0,0],"11":[0,0],"12":[0,0],"13":[0,0],"14":[0,0],"15":[0,0],"16":[0,0],"17":[0,0],"18":[0,0],"19":[0,0],"20":[0,0],"21":[0,0,0],"22":[0,0],"23":[0,0],"24":[0,0],"25":[0,0],"26":[0,0],"27":[0,0],"28":[0,0,0],"29":[0,0],"30":[0,0],"31":[0,0],"32":[0,0],"33":[0,0],"34":[0,0],"35":[0,0],"36":[0,0],"37":[0,0],"38":[0,0],"39":[0,0],"40":[0,0],"41":[0,12],"42":[12,12],"43":[0,12],"44":[12,12],"45":[0,12],"46":[12,12],"47":[0,12],"48":[12,12],"49":[0,12],"50":[12,12],"51":[0,12],"52":[12,12],"53":[0,12],"54":[12,12],"55":[0,12],"56":[12,12]},"meta":{"lastBranch":57,"lastFunction":14,"lastStatement":126,"seen":{"s:22:29:22:Infinity":0,"s:24:35:60:Infinity":1,"f:24:35:24:36":0,"b:25:2:25:Infinity:undefined:undefined:undefined:undefined":0,"s:25:2:25:Infinity":2,"s:25:16:25:Infinity":3,"s:27:21:27:Infinity":4,"s:28:21:28:Infinity":5,"s:30:2:52:Infinity":6,"f:30:18:30:19":1,"s:31:20:31:Infinity":7,"s:32:20:32:Infinity":8,"s:34:21:34:Infinity":9,"b:35:4:44:Infinity:37:11:44:Infinity":1,"s:35:4:44:Infinity":10,"b:35:8:35:30:35:30:35:51:35:51:35:69":2,"s:36:8:36:Infinity":11,"s:38:25:38:Infinity":12,"b:39:8:43:Infinity:41:15:43:Infinity":3,"s:39:8:43:Infinity":13,"b:39:12:39:31:39:31:39:47":4,"s:40:12:40:Infinity":14,"s:42:12:42:Infinity":15,"b:46:4:49:Infinity:undefined:undefined:undefined:undefined":5,"s:46:4:49:Infinity":16,"s:47:8:47:Infinity":17,"s:48:8:48:Infinity":18,"b:48:37:48:51:48:51:48:Infinity":6,"s:51:4:51:Infinity":19,"s:54:18:54:Infinity":20,"b:54:18:54:41:54:41:54:Infinity":7,"s:55:2:59:Infinity":21,"s:62:34:119:Infinity":22,"f:62:34:62:35":2,"s:63:20:63:Infinity":23,"s:64:24:64:Infinity":24,"s:65:19:65:Infinity":25,"b:67:2:69:Infinity:undefined:undefined:undefined:undefined":8,"s:67:2:69:Infinity":26,"s:68:6:68:Infinity":27,"s:71:20:71:Infinity":28,"s:73:2:116:Infinity":29,"f:73:20:73:21":3,"s:74:20:74:Infinity":30,"b:75:6:115:Infinity:undefined:undefined:undefined:undefined":9,"s:75:6:115:Infinity":31,"s:76:27:76:Infinity":32,"s:77:29:77:Infinity":33,"b:79:10:114:Infinity:undefined:undefined:undefined:undefined":10,"s:79:10:114:Infinity":34,"s:80:33:80:Infinity":35,"s:81:31:81:Infinity":36,"s:82:31:82:Infinity":37,"s:84:33:84:Infinity":38,"b:86:14:113:Infinity:103:21:113:Infinity":11,"s:86:14:113:Infinity":39,"b:86:18:86:30:86:30:86:57":12,"s:87:38:87:Infinity":40,"s:88:38:88:Infinity":41,"b:89:18:102:Infinity:undefined:undefined:undefined:undefined":13,"s:89:18:102:Infinity":42,"s:90:42:90:Infinity":43,"s:91:40:91:Infinity":44,"s:92:22:92:Infinity":45,"b:94:22:101:Infinity:undefined:undefined:undefined:undefined":14,"s:94:22:101:Infinity":46,"s:95:26:100:Infinity":47,"b:99:43:99:58:99:58:99:Infinity":15,"s:104:39:104:Infinity":48,"b:105:18:112:Infinity:undefined:undefined:undefined:undefined":16,"s:105:18:112:Infinity":49,"s:106:22:111:Infinity":50,"b:110:39:110:51:110:51:110:Infinity":17,"s:118:2:118:Infinity":51,"s:121:33:194:Infinity":52,"f:121:33:121:Infinity":4,"s:125:2:193:Infinity":53,"f:125:26:125:27":5,"s:126:46:126:Infinity":54,"s:127:34:127:Infinity":55,"s:129:4:144:Infinity":56,"f:129:40:129:41":6,"s:130:22:130:Infinity":57,"b:130:22:130:38:130:38:130:Infinity":18,"s:131:20:131:Infinity":58,"f:131:33:131:34":7,"s:131:45:131:82":59,"b:133:6:143:Infinity:undefined:undefined:undefined:undefined":19,"s:133:6:143:Infinity":60,"s:134:23:134:Infinity":61,"s:135:25:135:Infinity":62,"b:137:8:142:Infinity:undefined:undefined:undefined:undefined":20,"s:137:8:142:Infinity":63,"b:137:12:137:34:137:34:137:55:137:55:137:77":21,"s:138:11:138:Infinity":64,"b:139:11:141:Infinity:undefined:undefined:undefined:undefined":22,"s:139:11:141:Infinity":65,"b:139:15:139:35:139:35:139:49":23,"s:140:13:140:Infinity":66,"s:146:21:146:Infinity":67,"b:146:46:146:73:146:73:146:Infinity":24,"s:149:4:187:Infinity":68,"f:149:41:149:42":8,"s:150:22:150:Infinity":69,"b:150:22:150:38:150:38:150:Infinity":25,"s:151:20:151:Infinity":70,"f:151:33:151:34":9,"s:151:45:151:82":71,"s:152:17:152:Infinity":72,"b:154:6:162:Infinity:undefined:undefined:undefined:undefined":26,"s:154:6:162:Infinity":73,"s:155:8:160:Infinity":74,"s:161:8:161:Infinity":75,"s:164:21:164:Infinity":76,"s:165:25:165:Infinity":77,"s:166:40:166:Infinity":78,"s:167:23:167:Infinity":79,"b:169:6:177:Infinity:172:13:177:Infinity":27,"s:169:6:177:Infinity":80,"b:169:10:169:32:169:32:169:53:169:53:169:75":28,"s:170:8:170:Infinity":81,"s:171:8:171:Infinity":82,"s:173:8:173:Infinity":83,"b:174:8:176:Infinity:undefined:undefined:undefined:undefined":29,"s:174:8:176:Infinity":84,"b:174:12:174:31:174:31:174:47":30,"s:175:10:175:Infinity":85,"s:179:6:186:Infinity":86,"b:182:20:182:41:182:41:182:Infinity":31,"s:189:4:192:Infinity":87,"s:196:36:223:Infinity":88,"f:196:36:196:Infinity":10,"s:201:2:222:Infinity":89,"f:201:26:201:27":11,"b:202:4:206:Infinity:undefined:undefined:undefined:undefined":32,"s:202:4:206:Infinity":90,"s:203:6:205:Infinity":91,"b:204:10:204:Infinity:205:10:205:Infinity":33,"s:208:19:208:Infinity":92,"s:209:19:209:Infinity":93,"s:211:23:211:Infinity":94,"b:211:23:211:34:211:34:211:Infinity":34,"s:212:23:212:Infinity":95,"b:212:23:212:34:212:34:212:Infinity":35,"b:214:4:214:Infinity:undefined:undefined:undefined:undefined":36,"s:214:4:214:Infinity":96,"b:214:8:214:22:214:22:214:34":37,"s:214:34:214:Infinity":97,"b:215:4:215:Infinity:undefined:undefined:undefined:undefined":38,"s:215:4:215:Infinity":98,"s:215:20:215:Infinity":99,"b:216:4:216:Infinity:undefined:undefined:undefined:undefined":39,"s:216:4:216:Infinity":100,"s:216:20:216:Infinity":101,"s:218:17:218:Infinity":102,"s:219:17:219:Infinity":103,"s:221:4:221:Infinity":104,"b:221:33:221:47:221:47:221:Infinity":40,"s:225:30:227:Infinity":105,"f:225:30:225:31":12,"s:226:2:226:Infinity":106,"s:229:28:240:Infinity":107,"f:229:28:229:29":13,"s:230:20:230:Infinity":108,"b:231:2:231:Infinity:undefined:undefined:undefined:undefined":41,"s:231:2:231:Infinity":109,"b:231:6:231:38:231:38:231:71":42,"s:231:71:231:Infinity":110,"b:232:2:232:Infinity:undefined:undefined:undefined:undefined":43,"s:232:2:232:Infinity":111,"b:232:6:232:39:232:39:232:72":44,"s:232:72:232:Infinity":112,"b:233:2:233:Infinity:undefined:undefined:undefined:undefined":45,"s:233:2:233:Infinity":113,"b:233:6:233:39:233:39:233:73":46,"s:233:73:233:Infinity":114,"b:234:2:234:Infinity:undefined:undefined:undefined:undefined":47,"s:234:2:234:Infinity":115,"b:234:6:234:39:234:39:234:70":48,"s:234:70:234:Infinity":116,"b:235:2:235:Infinity:undefined:undefined:undefined:undefined":49,"s:235:2:235:Infinity":117,"b:235:6:235:37:235:37:235:70":50,"s:235:70:235:Infinity":118,"b:236:2:236:Infinity:undefined:undefined:undefined:undefined":51,"s:236:2:236:Infinity":119,"b:236:6:236:41:236:41:236:71":52,"s:236:71:236:Infinity":120,"b:237:2:237:Infinity:undefined:undefined:undefined:undefined":53,"s:237:2:237:Infinity":121,"b:237:6:237:39:237:39:237:71":54,"s:237:71:237:Infinity":122,"b:238:2:238:Infinity:undefined:undefined:undefined:undefined":55,"s:238:2:238:Infinity":123,"b:238:6:238:42:238:42:238:74":56,"s:238:74:238:Infinity":124,"s:239:2:239:Infinity":125}}}
}
